2021-12-07 23:27:08 INFO  Reflections:232 - Reflections took 2666 ms to scan 93 urls, producing 10982 keys and 57541 values 
2021-12-07 23:27:08 WARN  Reflections:396 - could not get type for name org.eclipse.swt.events.ControlListener from any class loader
org.reflections.ReflectionsException: could not get type for name org.eclipse.swt.events.ControlListener
	at org.reflections.ReflectionUtils.forName(ReflectionUtils.java:390)
	at org.reflections.Reflections.expandSuperTypes(Reflections.java:381)
	at org.reflections.Reflections.<init>(Reflections.java:126)
	at com.thoughtworks.gauge.scan.ClasspathScanner.createReflections(ClasspathScanner.java:71)
	at com.thoughtworks.gauge.scan.ClasspathScanner.scan(ClasspathScanner.java:46)
	at com.thoughtworks.gauge.GaugeRuntime.connectSynchronously(GaugeRuntime.java:108)
	at com.thoughtworks.gauge.GaugeRuntime.startGaugeServer(GaugeRuntime.java:76)
	at com.thoughtworks.gauge.GaugeRuntime.main(GaugeRuntime.java:53)
Caused by: java.lang.ClassNotFoundException: org.eclipse.swt.events.ControlListener
	at java.net.URLClassLoader.findClass(URLClassLoader.java:387)
	at java.lang.ClassLoader.loadClass(ClassLoader.java:418)
	at sun.misc.Launcher$AppClassLoader.loadClass(Launcher.java:355)
	at java.lang.ClassLoader.loadClass(ClassLoader.java:351)
	at org.reflections.ReflectionUtils.forName(ReflectionUtils.java:388)
	... 7 more
2021-12-07 23:27:08 WARN  Reflections:396 - could not get type for name groovy.lang.Closure from any class loader
org.reflections.ReflectionsException: could not get type for name groovy.lang.Closure
	at org.reflections.ReflectionUtils.forName(ReflectionUtils.java:390)
	at org.reflections.Reflections.expandSuperTypes(Reflections.java:381)
	at org.reflections.Reflections.<init>(Reflections.java:126)
	at com.thoughtworks.gauge.scan.ClasspathScanner.createReflections(ClasspathScanner.java:71)
	at com.thoughtworks.gauge.scan.ClasspathScanner.scan(ClasspathScanner.java:46)
	at com.thoughtworks.gauge.GaugeRuntime.connectSynchronously(GaugeRuntime.java:108)
	at com.thoughtworks.gauge.GaugeRuntime.startGaugeServer(GaugeRuntime.java:76)
	at com.thoughtworks.gauge.GaugeRuntime.main(GaugeRuntime.java:53)
Caused by: java.lang.ClassNotFoundException: groovy.lang.Closure
	at java.net.URLClassLoader.findClass(URLClassLoader.java:387)
	at java.lang.ClassLoader.loadClass(ClassLoader.java:418)
	at sun.misc.Launcher$AppClassLoader.loadClass(Launcher.java:355)
	at java.lang.ClassLoader.loadClass(ClassLoader.java:351)
	at org.reflections.ReflectionUtils.forName(ReflectionUtils.java:388)
	... 7 more
2021-12-07 23:27:08 WARN  Reflections:396 - could not get type for name kotlin.jvm.internal.FunctionReference from any class loader
org.reflections.ReflectionsException: could not get type for name kotlin.jvm.internal.FunctionReference
	at org.reflections.ReflectionUtils.forName(ReflectionUtils.java:390)
	at org.reflections.Reflections.expandSuperTypes(Reflections.java:381)
	at org.reflections.Reflections.<init>(Reflections.java:126)
	at com.thoughtworks.gauge.scan.ClasspathScanner.createReflections(ClasspathScanner.java:71)
	at com.thoughtworks.gauge.scan.ClasspathScanner.scan(ClasspathScanner.java:46)
	at com.thoughtworks.gauge.GaugeRuntime.connectSynchronously(GaugeRuntime.java:108)
	at com.thoughtworks.gauge.GaugeRuntime.startGaugeServer(GaugeRuntime.java:76)
	at com.thoughtworks.gauge.GaugeRuntime.main(GaugeRuntime.java:53)
Caused by: java.lang.ClassNotFoundException: kotlin.jvm.internal.FunctionReference
	at java.net.URLClassLoader.findClass(URLClassLoader.java:387)
	at java.lang.ClassLoader.loadClass(ClassLoader.java:418)
	at sun.misc.Launcher$AppClassLoader.loadClass(Launcher.java:355)
	at java.lang.ClassLoader.loadClass(ClassLoader.java:351)
	at org.reflections.ReflectionUtils.forName(ReflectionUtils.java:388)
	... 7 more
2021-12-07 23:27:08 WARN  Reflections:396 - could not get type for name org.codehaus.groovy.runtime.GeneratedClosure from any class loader
org.reflections.ReflectionsException: could not get type for name org.codehaus.groovy.runtime.GeneratedClosure
	at org.reflections.ReflectionUtils.forName(ReflectionUtils.java:390)
	at org.reflections.Reflections.expandSuperTypes(Reflections.java:381)
	at org.reflections.Reflections.<init>(Reflections.java:126)
	at com.thoughtworks.gauge.scan.ClasspathScanner.createReflections(ClasspathScanner.java:71)
	at com.thoughtworks.gauge.scan.ClasspathScanner.scan(ClasspathScanner.java:46)
	at com.thoughtworks.gauge.GaugeRuntime.connectSynchronously(GaugeRuntime.java:108)
	at com.thoughtworks.gauge.GaugeRuntime.startGaugeServer(GaugeRuntime.java:76)
	at com.thoughtworks.gauge.GaugeRuntime.main(GaugeRuntime.java:53)
Caused by: java.lang.ClassNotFoundException: org.codehaus.groovy.runtime.GeneratedClosure
	at java.net.URLClassLoader.findClass(URLClassLoader.java:387)
	at java.lang.ClassLoader.loadClass(ClassLoader.java:418)
	at sun.misc.Launcher$AppClassLoader.loadClass(Launcher.java:355)
	at java.lang.ClassLoader.loadClass(ClassLoader.java:351)
	at org.reflections.ReflectionUtils.forName(ReflectionUtils.java:388)
	... 7 more
2021-12-07 23:27:08 WARN  Reflections:396 - could not get type for name javax.validation.MessageInterpolator from any class loader
org.reflections.ReflectionsException: could not get type for name javax.validation.MessageInterpolator
	at org.reflections.ReflectionUtils.forName(ReflectionUtils.java:390)
	at org.reflections.Reflections.expandSuperTypes(Reflections.java:381)
	at org.reflections.Reflections.<init>(Reflections.java:126)
	at com.thoughtworks.gauge.scan.ClasspathScanner.createReflections(ClasspathScanner.java:71)
	at com.thoughtworks.gauge.scan.ClasspathScanner.scan(ClasspathScanner.java:46)
	at com.thoughtworks.gauge.GaugeRuntime.connectSynchronously(GaugeRuntime.java:108)
	at com.thoughtworks.gauge.GaugeRuntime.startGaugeServer(GaugeRuntime.java:76)
	at com.thoughtworks.gauge.GaugeRuntime.main(GaugeRuntime.java:53)
Caused by: java.lang.ClassNotFoundException: javax.validation.MessageInterpolator
	at java.net.URLClassLoader.findClass(URLClassLoader.java:387)
	at java.lang.ClassLoader.loadClass(ClassLoader.java:418)
	at sun.misc.Launcher$AppClassLoader.loadClass(Launcher.java:355)
	at java.lang.ClassLoader.loadClass(ClassLoader.java:351)
	at org.reflections.ReflectionUtils.forName(ReflectionUtils.java:388)
	... 7 more
2021-12-07 23:27:08 WARN  Reflections:396 - could not get type for name javax.validation.Validator from any class loader
org.reflections.ReflectionsException: could not get type for name javax.validation.Validator
	at org.reflections.ReflectionUtils.forName(ReflectionUtils.java:390)
	at org.reflections.Reflections.expandSuperTypes(Reflections.java:381)
	at org.reflections.Reflections.<init>(Reflections.java:126)
	at com.thoughtworks.gauge.scan.ClasspathScanner.createReflections(ClasspathScanner.java:71)
	at com.thoughtworks.gauge.scan.ClasspathScanner.scan(ClasspathScanner.java:46)
	at com.thoughtworks.gauge.GaugeRuntime.connectSynchronously(GaugeRuntime.java:108)
	at com.thoughtworks.gauge.GaugeRuntime.startGaugeServer(GaugeRuntime.java:76)
	at com.thoughtworks.gauge.GaugeRuntime.main(GaugeRuntime.java:53)
Caused by: java.lang.ClassNotFoundException: javax.validation.Validator
	at java.net.URLClassLoader.findClass(URLClassLoader.java:387)
	at java.lang.ClassLoader.loadClass(ClassLoader.java:418)
	at sun.misc.Launcher$AppClassLoader.loadClass(Launcher.java:355)
	at java.lang.ClassLoader.loadClass(ClassLoader.java:351)
	at org.reflections.ReflectionUtils.forName(ReflectionUtils.java:388)
	... 7 more
2021-12-07 23:27:08 WARN  Reflections:396 - could not get type for name org.conscrypt.BufferAllocator from any class loader
org.reflections.ReflectionsException: could not get type for name org.conscrypt.BufferAllocator
	at org.reflections.ReflectionUtils.forName(ReflectionUtils.java:390)
	at org.reflections.Reflections.expandSuperTypes(Reflections.java:381)
	at org.reflections.Reflections.<init>(Reflections.java:126)
	at com.thoughtworks.gauge.scan.ClasspathScanner.createReflections(ClasspathScanner.java:71)
	at com.thoughtworks.gauge.scan.ClasspathScanner.scan(ClasspathScanner.java:46)
	at com.thoughtworks.gauge.GaugeRuntime.connectSynchronously(GaugeRuntime.java:108)
	at com.thoughtworks.gauge.GaugeRuntime.startGaugeServer(GaugeRuntime.java:76)
	at com.thoughtworks.gauge.GaugeRuntime.main(GaugeRuntime.java:53)
Caused by: java.lang.ClassNotFoundException: org.conscrypt.BufferAllocator
	at java.net.URLClassLoader.findClass(URLClassLoader.java:387)
	at java.lang.ClassLoader.loadClass(ClassLoader.java:418)
	at sun.misc.Launcher$AppClassLoader.loadClass(Launcher.java:355)
	at java.lang.ClassLoader.loadClass(ClassLoader.java:351)
	at org.reflections.ReflectionUtils.forName(ReflectionUtils.java:388)
	... 7 more
2021-12-07 23:27:08 WARN  Reflections:396 - could not get type for name javax.validation.ValidatorFactory from any class loader
org.reflections.ReflectionsException: could not get type for name javax.validation.ValidatorFactory
	at org.reflections.ReflectionUtils.forName(ReflectionUtils.java:390)
	at org.reflections.Reflections.expandSuperTypes(Reflections.java:381)
	at org.reflections.Reflections.<init>(Reflections.java:126)
	at com.thoughtworks.gauge.scan.ClasspathScanner.createReflections(ClasspathScanner.java:71)
	at com.thoughtworks.gauge.scan.ClasspathScanner.scan(ClasspathScanner.java:46)
	at com.thoughtworks.gauge.GaugeRuntime.connectSynchronously(GaugeRuntime.java:108)
	at com.thoughtworks.gauge.GaugeRuntime.startGaugeServer(GaugeRuntime.java:76)
	at com.thoughtworks.gauge.GaugeRuntime.main(GaugeRuntime.java:53)
Caused by: java.lang.ClassNotFoundException: javax.validation.ValidatorFactory
	at java.net.URLClassLoader.findClass(URLClassLoader.java:387)
	at java.lang.ClassLoader.loadClass(ClassLoader.java:418)
	at sun.misc.Launcher$AppClassLoader.loadClass(Launcher.java:355)
	at java.lang.ClassLoader.loadClass(ClassLoader.java:351)
	at org.reflections.ReflectionUtils.forName(ReflectionUtils.java:388)
	... 7 more
2021-12-07 23:27:08 WARN  Reflections:396 - could not get type for name javax.mail.Authenticator from any class loader
org.reflections.ReflectionsException: could not get type for name javax.mail.Authenticator
	at org.reflections.ReflectionUtils.forName(ReflectionUtils.java:390)
	at org.reflections.Reflections.expandSuperTypes(Reflections.java:381)
	at org.reflections.Reflections.<init>(Reflections.java:126)
	at com.thoughtworks.gauge.scan.ClasspathScanner.createReflections(ClasspathScanner.java:71)
	at com.thoughtworks.gauge.scan.ClasspathScanner.scan(ClasspathScanner.java:46)
	at com.thoughtworks.gauge.GaugeRuntime.connectSynchronously(GaugeRuntime.java:108)
	at com.thoughtworks.gauge.GaugeRuntime.startGaugeServer(GaugeRuntime.java:76)
	at com.thoughtworks.gauge.GaugeRuntime.main(GaugeRuntime.java:53)
Caused by: java.lang.ClassNotFoundException: javax.mail.Authenticator
	at java.net.URLClassLoader.findClass(URLClassLoader.java:387)
	at java.lang.ClassLoader.loadClass(ClassLoader.java:418)
	at sun.misc.Launcher$AppClassLoader.loadClass(Launcher.java:355)
	at java.lang.ClassLoader.loadClass(ClassLoader.java:351)
	at org.reflections.ReflectionUtils.forName(ReflectionUtils.java:388)
	... 7 more
2021-12-07 23:27:08 WARN  Reflections:396 - could not get type for name javax.validation.ConstraintValidatorFactory from any class loader
org.reflections.ReflectionsException: could not get type for name javax.validation.ConstraintValidatorFactory
	at org.reflections.ReflectionUtils.forName(ReflectionUtils.java:390)
	at org.reflections.Reflections.expandSuperTypes(Reflections.java:381)
	at org.reflections.Reflections.<init>(Reflections.java:126)
	at com.thoughtworks.gauge.scan.ClasspathScanner.createReflections(ClasspathScanner.java:71)
	at com.thoughtworks.gauge.scan.ClasspathScanner.scan(ClasspathScanner.java:46)
	at com.thoughtworks.gauge.GaugeRuntime.connectSynchronously(GaugeRuntime.java:108)
	at com.thoughtworks.gauge.GaugeRuntime.startGaugeServer(GaugeRuntime.java:76)
	at com.thoughtworks.gauge.GaugeRuntime.main(GaugeRuntime.java:53)
Caused by: java.lang.ClassNotFoundException: javax.validation.ConstraintValidatorFactory
	at java.net.URLClassLoader.findClass(URLClassLoader.java:387)
	at java.lang.ClassLoader.loadClass(ClassLoader.java:418)
	at sun.misc.Launcher$AppClassLoader.loadClass(Launcher.java:355)
	at java.lang.ClassLoader.loadClass(ClassLoader.java:351)
	at org.reflections.ReflectionUtils.forName(ReflectionUtils.java:388)
	... 7 more
2021-12-07 23:27:08 WARN  Reflections:396 - could not get type for name org.eclipse.swt.events.DisposeListener from any class loader
org.reflections.ReflectionsException: could not get type for name org.eclipse.swt.events.DisposeListener
	at org.reflections.ReflectionUtils.forName(ReflectionUtils.java:390)
	at org.reflections.Reflections.expandSuperTypes(Reflections.java:381)
	at org.reflections.Reflections.<init>(Reflections.java:126)
	at com.thoughtworks.gauge.scan.ClasspathScanner.createReflections(ClasspathScanner.java:71)
	at com.thoughtworks.gauge.scan.ClasspathScanner.scan(ClasspathScanner.java:46)
	at com.thoughtworks.gauge.GaugeRuntime.connectSynchronously(GaugeRuntime.java:108)
	at com.thoughtworks.gauge.GaugeRuntime.startGaugeServer(GaugeRuntime.java:76)
	at com.thoughtworks.gauge.GaugeRuntime.main(GaugeRuntime.java:53)
Caused by: java.lang.ClassNotFoundException: org.eclipse.swt.events.DisposeListener
	at java.net.URLClassLoader.findClass(URLClassLoader.java:387)
	at java.lang.ClassLoader.loadClass(ClassLoader.java:418)
	at sun.misc.Launcher$AppClassLoader.loadClass(Launcher.java:355)
	at java.lang.ClassLoader.loadClass(ClassLoader.java:351)
	at org.reflections.ReflectionUtils.forName(ReflectionUtils.java:388)
	... 7 more
2021-12-07 23:27:08 WARN  Reflections:396 - could not get type for name org.opentest4j.MultipleFailuresError from any class loader
org.reflections.ReflectionsException: could not get type for name org.opentest4j.MultipleFailuresError
	at org.reflections.ReflectionUtils.forName(ReflectionUtils.java:390)
	at org.reflections.Reflections.expandSuperTypes(Reflections.java:381)
	at org.reflections.Reflections.<init>(Reflections.java:126)
	at com.thoughtworks.gauge.scan.ClasspathScanner.createReflections(ClasspathScanner.java:71)
	at com.thoughtworks.gauge.scan.ClasspathScanner.scan(ClasspathScanner.java:46)
	at com.thoughtworks.gauge.GaugeRuntime.connectSynchronously(GaugeRuntime.java:108)
	at com.thoughtworks.gauge.GaugeRuntime.startGaugeServer(GaugeRuntime.java:76)
	at com.thoughtworks.gauge.GaugeRuntime.main(GaugeRuntime.java:53)
Caused by: java.lang.ClassNotFoundException: org.opentest4j.MultipleFailuresError
	at java.net.URLClassLoader.findClass(URLClassLoader.java:387)
	at java.lang.ClassLoader.loadClass(ClassLoader.java:418)
	at sun.misc.Launcher$AppClassLoader.loadClass(Launcher.java:355)
	at java.lang.ClassLoader.loadClass(ClassLoader.java:351)
	at org.reflections.ReflectionUtils.forName(ReflectionUtils.java:388)
	... 7 more
2021-12-07 23:27:08 WARN  Reflections:396 - could not get type for name kotlin.jvm.functions.Function1 from any class loader
org.reflections.ReflectionsException: could not get type for name kotlin.jvm.functions.Function1
	at org.reflections.ReflectionUtils.forName(ReflectionUtils.java:390)
	at org.reflections.Reflections.expandSuperTypes(Reflections.java:381)
	at org.reflections.Reflections.<init>(Reflections.java:126)
	at com.thoughtworks.gauge.scan.ClasspathScanner.createReflections(ClasspathScanner.java:71)
	at com.thoughtworks.gauge.scan.ClasspathScanner.scan(ClasspathScanner.java:46)
	at com.thoughtworks.gauge.GaugeRuntime.connectSynchronously(GaugeRuntime.java:108)
	at com.thoughtworks.gauge.GaugeRuntime.startGaugeServer(GaugeRuntime.java:76)
	at com.thoughtworks.gauge.GaugeRuntime.main(GaugeRuntime.java:53)
Caused by: java.lang.ClassNotFoundException: kotlin.jvm.functions.Function1
	at java.net.URLClassLoader.findClass(URLClassLoader.java:387)
	at java.lang.ClassLoader.loadClass(ClassLoader.java:418)
	at sun.misc.Launcher$AppClassLoader.loadClass(Launcher.java:355)
	at java.lang.ClassLoader.loadClass(ClassLoader.java:351)
	at org.reflections.ReflectionUtils.forName(ReflectionUtils.java:388)
	... 7 more
2021-12-07 23:27:08 WARN  Reflections:396 - could not get type for name javax.servlet.ServletContextListener from any class loader
org.reflections.ReflectionsException: could not get type for name javax.servlet.ServletContextListener
	at org.reflections.ReflectionUtils.forName(ReflectionUtils.java:390)
	at org.reflections.Reflections.expandSuperTypes(Reflections.java:381)
	at org.reflections.Reflections.<init>(Reflections.java:126)
	at com.thoughtworks.gauge.scan.ClasspathScanner.createReflections(ClasspathScanner.java:71)
	at com.thoughtworks.gauge.scan.ClasspathScanner.scan(ClasspathScanner.java:46)
	at com.thoughtworks.gauge.GaugeRuntime.connectSynchronously(GaugeRuntime.java:108)
	at com.thoughtworks.gauge.GaugeRuntime.startGaugeServer(GaugeRuntime.java:76)
	at com.thoughtworks.gauge.GaugeRuntime.main(GaugeRuntime.java:53)
Caused by: java.lang.ClassNotFoundException: javax.servlet.ServletContextListener
	at java.net.URLClassLoader.findClass(URLClassLoader.java:387)
	at java.lang.ClassLoader.loadClass(ClassLoader.java:418)
	at sun.misc.Launcher$AppClassLoader.loadClass(Launcher.java:355)
	at java.lang.ClassLoader.loadClass(ClassLoader.java:351)
	at org.reflections.ReflectionUtils.forName(ReflectionUtils.java:388)
	... 7 more
2021-12-07 23:27:08 WARN  Reflections:396 - could not get type for name org.eclipse.swt.dnd.DragSourceListener from any class loader
org.reflections.ReflectionsException: could not get type for name org.eclipse.swt.dnd.DragSourceListener
	at org.reflections.ReflectionUtils.forName(ReflectionUtils.java:390)
	at org.reflections.Reflections.expandSuperTypes(Reflections.java:381)
	at org.reflections.Reflections.<init>(Reflections.java:126)
	at com.thoughtworks.gauge.scan.ClasspathScanner.createReflections(ClasspathScanner.java:71)
	at com.thoughtworks.gauge.scan.ClasspathScanner.scan(ClasspathScanner.java:46)
	at com.thoughtworks.gauge.GaugeRuntime.connectSynchronously(GaugeRuntime.java:108)
	at com.thoughtworks.gauge.GaugeRuntime.startGaugeServer(GaugeRuntime.java:76)
	at com.thoughtworks.gauge.GaugeRuntime.main(GaugeRuntime.java:53)
Caused by: java.lang.ClassNotFoundException: org.eclipse.swt.dnd.DragSourceListener
	at java.net.URLClassLoader.findClass(URLClassLoader.java:387)
	at java.lang.ClassLoader.loadClass(ClassLoader.java:418)
	at sun.misc.Launcher$AppClassLoader.loadClass(Launcher.java:355)
	at java.lang.ClassLoader.loadClass(ClassLoader.java:351)
	at org.reflections.ReflectionUtils.forName(ReflectionUtils.java:388)
	... 7 more
2021-12-07 23:27:08 WARN  Reflections:396 - could not get type for name org.apache.tools.ant.Task from any class loader
org.reflections.ReflectionsException: could not get type for name org.apache.tools.ant.Task
	at org.reflections.ReflectionUtils.forName(ReflectionUtils.java:390)
	at org.reflections.Reflections.expandSuperTypes(Reflections.java:381)
	at org.reflections.Reflections.<init>(Reflections.java:126)
	at com.thoughtworks.gauge.scan.ClasspathScanner.createReflections(ClasspathScanner.java:71)
	at com.thoughtworks.gauge.scan.ClasspathScanner.scan(ClasspathScanner.java:46)
	at com.thoughtworks.gauge.GaugeRuntime.connectSynchronously(GaugeRuntime.java:108)
	at com.thoughtworks.gauge.GaugeRuntime.startGaugeServer(GaugeRuntime.java:76)
	at com.thoughtworks.gauge.GaugeRuntime.main(GaugeRuntime.java:53)
Caused by: java.lang.ClassNotFoundException: org.apache.tools.ant.Task
	at java.net.URLClassLoader.findClass(URLClassLoader.java:387)
	at java.lang.ClassLoader.loadClass(ClassLoader.java:418)
	at sun.misc.Launcher$AppClassLoader.loadClass(Launcher.java:355)
	at java.lang.ClassLoader.loadClass(ClassLoader.java:351)
	at org.reflections.ReflectionUtils.forName(ReflectionUtils.java:388)
	... 7 more
2021-12-07 23:27:08 WARN  Reflections:396 - could not get type for name org.eclipse.swt.events.MouseListener from any class loader
org.reflections.ReflectionsException: could not get type for name org.eclipse.swt.events.MouseListener
	at org.reflections.ReflectionUtils.forName(ReflectionUtils.java:390)
	at org.reflections.Reflections.expandSuperTypes(Reflections.java:381)
	at org.reflections.Reflections.<init>(Reflections.java:126)
	at com.thoughtworks.gauge.scan.ClasspathScanner.createReflections(ClasspathScanner.java:71)
	at com.thoughtworks.gauge.scan.ClasspathScanner.scan(ClasspathScanner.java:46)
	at com.thoughtworks.gauge.GaugeRuntime.connectSynchronously(GaugeRuntime.java:108)
	at com.thoughtworks.gauge.GaugeRuntime.startGaugeServer(GaugeRuntime.java:76)
	at com.thoughtworks.gauge.GaugeRuntime.main(GaugeRuntime.java:53)
Caused by: java.lang.ClassNotFoundException: org.eclipse.swt.events.MouseListener
	at java.net.URLClassLoader.findClass(URLClassLoader.java:387)
	at java.lang.ClassLoader.loadClass(ClassLoader.java:418)
	at sun.misc.Launcher$AppClassLoader.loadClass(Launcher.java:355)
	at java.lang.ClassLoader.loadClass(ClassLoader.java:351)
	at org.reflections.ReflectionUtils.forName(ReflectionUtils.java:388)
	... 7 more
2021-12-07 23:27:08 WARN  Reflections:396 - could not get type for name org.eclipse.jetty.alpn.ALPN$ClientProvider from any class loader
org.reflections.ReflectionsException: could not get type for name org.eclipse.jetty.alpn.ALPN$ClientProvider
	at org.reflections.ReflectionUtils.forName(ReflectionUtils.java:390)
	at org.reflections.Reflections.expandSuperTypes(Reflections.java:381)
	at org.reflections.Reflections.<init>(Reflections.java:126)
	at com.thoughtworks.gauge.scan.ClasspathScanner.createReflections(ClasspathScanner.java:71)
	at com.thoughtworks.gauge.scan.ClasspathScanner.scan(ClasspathScanner.java:46)
	at com.thoughtworks.gauge.GaugeRuntime.connectSynchronously(GaugeRuntime.java:108)
	at com.thoughtworks.gauge.GaugeRuntime.startGaugeServer(GaugeRuntime.java:76)
	at com.thoughtworks.gauge.GaugeRuntime.main(GaugeRuntime.java:53)
Caused by: java.lang.ClassNotFoundException: org.eclipse.jetty.alpn.ALPN$ClientProvider
	at java.net.URLClassLoader.findClass(URLClassLoader.java:387)
	at java.lang.ClassLoader.loadClass(ClassLoader.java:418)
	at sun.misc.Launcher$AppClassLoader.loadClass(Launcher.java:355)
	at java.lang.ClassLoader.loadClass(ClassLoader.java:351)
	at org.reflections.ReflectionUtils.forName(ReflectionUtils.java:388)
	... 7 more
2021-12-07 23:27:08 WARN  Reflections:396 - could not get type for name org.junit.jupiter.api.extension.AfterTestExecutionCallback from any class loader
org.reflections.ReflectionsException: could not get type for name org.junit.jupiter.api.extension.AfterTestExecutionCallback
	at org.reflections.ReflectionUtils.forName(ReflectionUtils.java:390)
	at org.reflections.Reflections.expandSuperTypes(Reflections.java:381)
	at org.reflections.Reflections.<init>(Reflections.java:126)
	at com.thoughtworks.gauge.scan.ClasspathScanner.createReflections(ClasspathScanner.java:71)
	at com.thoughtworks.gauge.scan.ClasspathScanner.scan(ClasspathScanner.java:46)
	at com.thoughtworks.gauge.GaugeRuntime.connectSynchronously(GaugeRuntime.java:108)
	at com.thoughtworks.gauge.GaugeRuntime.startGaugeServer(GaugeRuntime.java:76)
	at com.thoughtworks.gauge.GaugeRuntime.main(GaugeRuntime.java:53)
Caused by: java.lang.ClassNotFoundException: org.junit.jupiter.api.extension.AfterTestExecutionCallback
	at java.net.URLClassLoader.findClass(URLClassLoader.java:387)
	at java.lang.ClassLoader.loadClass(ClassLoader.java:418)
	at sun.misc.Launcher$AppClassLoader.loadClass(Launcher.java:355)
	at java.lang.ClassLoader.loadClass(ClassLoader.java:351)
	at org.reflections.ReflectionUtils.forName(ReflectionUtils.java:388)
	... 7 more
2021-12-07 23:27:08 WARN  Reflections:396 - could not get type for name org.conscrypt.HandshakeListener from any class loader
org.reflections.ReflectionsException: could not get type for name org.conscrypt.HandshakeListener
	at org.reflections.ReflectionUtils.forName(ReflectionUtils.java:390)
	at org.reflections.Reflections.expandSuperTypes(Reflections.java:381)
	at org.reflections.Reflections.<init>(Reflections.java:126)
	at com.thoughtworks.gauge.scan.ClasspathScanner.createReflections(ClasspathScanner.java:71)
	at com.thoughtworks.gauge.scan.ClasspathScanner.scan(ClasspathScanner.java:46)
	at com.thoughtworks.gauge.GaugeRuntime.connectSynchronously(GaugeRuntime.java:108)
	at com.thoughtworks.gauge.GaugeRuntime.startGaugeServer(GaugeRuntime.java:76)
	at com.thoughtworks.gauge.GaugeRuntime.main(GaugeRuntime.java:53)
Caused by: java.lang.ClassNotFoundException: org.conscrypt.HandshakeListener
	at java.net.URLClassLoader.findClass(URLClassLoader.java:387)
	at java.lang.ClassLoader.loadClass(ClassLoader.java:418)
	at sun.misc.Launcher$AppClassLoader.loadClass(Launcher.java:355)
	at java.lang.ClassLoader.loadClass(ClassLoader.java:351)
	at org.reflections.ReflectionUtils.forName(ReflectionUtils.java:388)
	... 7 more
2021-12-07 23:27:08 WARN  Reflections:396 - could not get type for name org.eclipse.swt.events.MouseTrackListener from any class loader
org.reflections.ReflectionsException: could not get type for name org.eclipse.swt.events.MouseTrackListener
	at org.reflections.ReflectionUtils.forName(ReflectionUtils.java:390)
	at org.reflections.Reflections.expandSuperTypes(Reflections.java:381)
	at org.reflections.Reflections.<init>(Reflections.java:126)
	at com.thoughtworks.gauge.scan.ClasspathScanner.createReflections(ClasspathScanner.java:71)
	at com.thoughtworks.gauge.scan.ClasspathScanner.scan(ClasspathScanner.java:46)
	at com.thoughtworks.gauge.GaugeRuntime.connectSynchronously(GaugeRuntime.java:108)
	at com.thoughtworks.gauge.GaugeRuntime.startGaugeServer(GaugeRuntime.java:76)
	at com.thoughtworks.gauge.GaugeRuntime.main(GaugeRuntime.java:53)
Caused by: java.lang.ClassNotFoundException: org.eclipse.swt.events.MouseTrackListener
	at java.net.URLClassLoader.findClass(URLClassLoader.java:387)
	at java.lang.ClassLoader.loadClass(ClassLoader.java:418)
	at sun.misc.Launcher$AppClassLoader.loadClass(Launcher.java:355)
	at java.lang.ClassLoader.loadClass(ClassLoader.java:351)
	at org.reflections.ReflectionUtils.forName(ReflectionUtils.java:388)
	... 7 more
2021-12-07 23:27:08 WARN  Reflections:396 - could not get type for name org.eclipse.swt.dnd.ByteArrayTransfer from any class loader
org.reflections.ReflectionsException: could not get type for name org.eclipse.swt.dnd.ByteArrayTransfer
	at org.reflections.ReflectionUtils.forName(ReflectionUtils.java:390)
	at org.reflections.Reflections.expandSuperTypes(Reflections.java:381)
	at org.reflections.Reflections.<init>(Reflections.java:126)
	at com.thoughtworks.gauge.scan.ClasspathScanner.createReflections(ClasspathScanner.java:71)
	at com.thoughtworks.gauge.scan.ClasspathScanner.scan(ClasspathScanner.java:46)
	at com.thoughtworks.gauge.GaugeRuntime.connectSynchronously(GaugeRuntime.java:108)
	at com.thoughtworks.gauge.GaugeRuntime.startGaugeServer(GaugeRuntime.java:76)
	at com.thoughtworks.gauge.GaugeRuntime.main(GaugeRuntime.java:53)
Caused by: java.lang.ClassNotFoundException: org.eclipse.swt.dnd.ByteArrayTransfer
	at java.net.URLClassLoader.findClass(URLClassLoader.java:387)
	at java.lang.ClassLoader.loadClass(ClassLoader.java:418)
	at sun.misc.Launcher$AppClassLoader.loadClass(Launcher.java:355)
	at java.lang.ClassLoader.loadClass(ClassLoader.java:351)
	at org.reflections.ReflectionUtils.forName(ReflectionUtils.java:388)
	... 7 more
2021-12-07 23:27:08 WARN  Reflections:396 - could not get type for name org.jboss.marshalling.ByteOutput from any class loader
org.reflections.ReflectionsException: could not get type for name org.jboss.marshalling.ByteOutput
	at org.reflections.ReflectionUtils.forName(ReflectionUtils.java:390)
	at org.reflections.Reflections.expandSuperTypes(Reflections.java:381)
	at org.reflections.Reflections.<init>(Reflections.java:126)
	at com.thoughtworks.gauge.scan.ClasspathScanner.createReflections(ClasspathScanner.java:71)
	at com.thoughtworks.gauge.scan.ClasspathScanner.scan(ClasspathScanner.java:46)
	at com.thoughtworks.gauge.GaugeRuntime.connectSynchronously(GaugeRuntime.java:108)
	at com.thoughtworks.gauge.GaugeRuntime.startGaugeServer(GaugeRuntime.java:76)
	at com.thoughtworks.gauge.GaugeRuntime.main(GaugeRuntime.java:53)
Caused by: java.lang.ClassNotFoundException: org.jboss.marshalling.ByteOutput
	at java.net.URLClassLoader.findClass(URLClassLoader.java:387)
	at java.lang.ClassLoader.loadClass(ClassLoader.java:418)
	at sun.misc.Launcher$AppClassLoader.loadClass(Launcher.java:355)
	at java.lang.ClassLoader.loadClass(ClassLoader.java:351)
	at org.reflections.ReflectionUtils.forName(ReflectionUtils.java:388)
	... 7 more
2021-12-07 23:27:08 WARN  Reflections:396 - could not get type for name com.bea.jvm.ClassPreProcessor from any class loader
org.reflections.ReflectionsException: could not get type for name com.bea.jvm.ClassPreProcessor
	at org.reflections.ReflectionUtils.forName(ReflectionUtils.java:390)
	at org.reflections.Reflections.expandSuperTypes(Reflections.java:381)
	at org.reflections.Reflections.<init>(Reflections.java:126)
	at com.thoughtworks.gauge.scan.ClasspathScanner.createReflections(ClasspathScanner.java:71)
	at com.thoughtworks.gauge.scan.ClasspathScanner.scan(ClasspathScanner.java:46)
	at com.thoughtworks.gauge.GaugeRuntime.connectSynchronously(GaugeRuntime.java:108)
	at com.thoughtworks.gauge.GaugeRuntime.startGaugeServer(GaugeRuntime.java:76)
	at com.thoughtworks.gauge.GaugeRuntime.main(GaugeRuntime.java:53)
Caused by: java.lang.ClassNotFoundException: com.bea.jvm.ClassPreProcessor
	at java.net.URLClassLoader.findClass(URLClassLoader.java:387)
	at java.lang.ClassLoader.loadClass(ClassLoader.java:418)
	at sun.misc.Launcher$AppClassLoader.loadClass(Launcher.java:355)
	at java.lang.ClassLoader.loadClass(ClassLoader.java:351)
	at org.reflections.ReflectionUtils.forName(ReflectionUtils.java:388)
	... 7 more
2021-12-07 23:27:08 WARN  Reflections:396 - could not get type for name org.eclipse.swt.dnd.DropTargetListener from any class loader
org.reflections.ReflectionsException: could not get type for name org.eclipse.swt.dnd.DropTargetListener
	at org.reflections.ReflectionUtils.forName(ReflectionUtils.java:390)
	at org.reflections.Reflections.expandSuperTypes(Reflections.java:381)
	at org.reflections.Reflections.<init>(Reflections.java:126)
	at com.thoughtworks.gauge.scan.ClasspathScanner.createReflections(ClasspathScanner.java:71)
	at com.thoughtworks.gauge.scan.ClasspathScanner.scan(ClasspathScanner.java:46)
	at com.thoughtworks.gauge.GaugeRuntime.connectSynchronously(GaugeRuntime.java:108)
	at com.thoughtworks.gauge.GaugeRuntime.startGaugeServer(GaugeRuntime.java:76)
	at com.thoughtworks.gauge.GaugeRuntime.main(GaugeRuntime.java:53)
Caused by: java.lang.ClassNotFoundException: org.eclipse.swt.dnd.DropTargetListener
	at java.net.URLClassLoader.findClass(URLClassLoader.java:387)
	at java.lang.ClassLoader.loadClass(ClassLoader.java:418)
	at sun.misc.Launcher$AppClassLoader.loadClass(Launcher.java:355)
	at java.lang.ClassLoader.loadClass(ClassLoader.java:351)
	at org.reflections.ReflectionUtils.forName(ReflectionUtils.java:388)
	... 7 more
2021-12-07 23:27:08 WARN  Reflections:396 - could not get type for name org.conscrypt.AllocatedBuffer from any class loader
org.reflections.ReflectionsException: could not get type for name org.conscrypt.AllocatedBuffer
	at org.reflections.ReflectionUtils.forName(ReflectionUtils.java:390)
	at org.reflections.Reflections.expandSuperTypes(Reflections.java:381)
	at org.reflections.Reflections.<init>(Reflections.java:126)
	at com.thoughtworks.gauge.scan.ClasspathScanner.createReflections(ClasspathScanner.java:71)
	at com.thoughtworks.gauge.scan.ClasspathScanner.scan(ClasspathScanner.java:46)
	at com.thoughtworks.gauge.GaugeRuntime.connectSynchronously(GaugeRuntime.java:108)
	at com.thoughtworks.gauge.GaugeRuntime.startGaugeServer(GaugeRuntime.java:76)
	at com.thoughtworks.gauge.GaugeRuntime.main(GaugeRuntime.java:53)
Caused by: java.lang.ClassNotFoundException: org.conscrypt.AllocatedBuffer
	at java.net.URLClassLoader.findClass(URLClassLoader.java:387)
	at java.lang.ClassLoader.loadClass(ClassLoader.java:418)
	at sun.misc.Launcher$AppClassLoader.loadClass(Launcher.java:355)
	at java.lang.ClassLoader.loadClass(ClassLoader.java:351)
	at org.reflections.ReflectionUtils.forName(ReflectionUtils.java:388)
	... 7 more
2021-12-07 23:27:08 WARN  Reflections:396 - could not get type for name groovy.lang.Binding from any class loader
org.reflections.ReflectionsException: could not get type for name groovy.lang.Binding
	at org.reflections.ReflectionUtils.forName(ReflectionUtils.java:390)
	at org.reflections.Reflections.expandSuperTypes(Reflections.java:381)
	at org.reflections.Reflections.<init>(Reflections.java:126)
	at com.thoughtworks.gauge.scan.ClasspathScanner.createReflections(ClasspathScanner.java:71)
	at com.thoughtworks.gauge.scan.ClasspathScanner.scan(ClasspathScanner.java:46)
	at com.thoughtworks.gauge.GaugeRuntime.connectSynchronously(GaugeRuntime.java:108)
	at com.thoughtworks.gauge.GaugeRuntime.startGaugeServer(GaugeRuntime.java:76)
	at com.thoughtworks.gauge.GaugeRuntime.main(GaugeRuntime.java:53)
Caused by: java.lang.ClassNotFoundException: groovy.lang.Binding
	at java.net.URLClassLoader.findClass(URLClassLoader.java:387)
	at java.lang.ClassLoader.loadClass(ClassLoader.java:418)
	at sun.misc.Launcher$AppClassLoader.loadClass(Launcher.java:355)
	at java.lang.ClassLoader.loadClass(ClassLoader.java:351)
	at org.reflections.ReflectionUtils.forName(ReflectionUtils.java:388)
	... 7 more
2021-12-07 23:27:08 WARN  Reflections:396 - could not get type for name reactor.core.publisher.BaseSubscriber from any class loader
org.reflections.ReflectionsException: could not get type for name reactor.core.publisher.BaseSubscriber
	at org.reflections.ReflectionUtils.forName(ReflectionUtils.java:390)
	at org.reflections.Reflections.expandSuperTypes(Reflections.java:381)
	at org.reflections.Reflections.<init>(Reflections.java:126)
	at com.thoughtworks.gauge.scan.ClasspathScanner.createReflections(ClasspathScanner.java:71)
	at com.thoughtworks.gauge.scan.ClasspathScanner.scan(ClasspathScanner.java:46)
	at com.thoughtworks.gauge.GaugeRuntime.connectSynchronously(GaugeRuntime.java:108)
	at com.thoughtworks.gauge.GaugeRuntime.startGaugeServer(GaugeRuntime.java:76)
	at com.thoughtworks.gauge.GaugeRuntime.main(GaugeRuntime.java:53)
Caused by: java.lang.ClassNotFoundException: reactor.core.publisher.BaseSubscriber
	at java.net.URLClassLoader.findClass(URLClassLoader.java:387)
	at java.lang.ClassLoader.loadClass(ClassLoader.java:418)
	at sun.misc.Launcher$AppClassLoader.loadClass(Launcher.java:355)
	at java.lang.ClassLoader.loadClass(ClassLoader.java:351)
	at org.reflections.ReflectionUtils.forName(ReflectionUtils.java:388)
	... 7 more
2021-12-07 23:27:08 WARN  Reflections:396 - could not get type for name org.apache.commons.pool2.PooledObjectFactory from any class loader
org.reflections.ReflectionsException: could not get type for name org.apache.commons.pool2.PooledObjectFactory
	at org.reflections.ReflectionUtils.forName(ReflectionUtils.java:390)
	at org.reflections.Reflections.expandSuperTypes(Reflections.java:381)
	at org.reflections.Reflections.<init>(Reflections.java:126)
	at com.thoughtworks.gauge.scan.ClasspathScanner.createReflections(ClasspathScanner.java:71)
	at com.thoughtworks.gauge.scan.ClasspathScanner.scan(ClasspathScanner.java:46)
	at com.thoughtworks.gauge.GaugeRuntime.connectSynchronously(GaugeRuntime.java:108)
	at com.thoughtworks.gauge.GaugeRuntime.startGaugeServer(GaugeRuntime.java:76)
	at com.thoughtworks.gauge.GaugeRuntime.main(GaugeRuntime.java:53)
Caused by: java.lang.ClassNotFoundException: org.apache.commons.pool2.PooledObjectFactory
	at java.net.URLClassLoader.findClass(URLClassLoader.java:387)
	at java.lang.ClassLoader.loadClass(ClassLoader.java:418)
	at sun.misc.Launcher$AppClassLoader.loadClass(Launcher.java:355)
	at java.lang.ClassLoader.loadClass(ClassLoader.java:351)
	at org.reflections.ReflectionUtils.forName(ReflectionUtils.java:388)
	... 7 more
2021-12-07 23:27:08 WARN  Reflections:396 - could not get type for name org.junit.jupiter.api.extension.ParameterResolver from any class loader
org.reflections.ReflectionsException: could not get type for name org.junit.jupiter.api.extension.ParameterResolver
	at org.reflections.ReflectionUtils.forName(ReflectionUtils.java:390)
	at org.reflections.Reflections.expandSuperTypes(Reflections.java:381)
	at org.reflections.Reflections.<init>(Reflections.java:126)
	at com.thoughtworks.gauge.scan.ClasspathScanner.createReflections(ClasspathScanner.java:71)
	at com.thoughtworks.gauge.scan.ClasspathScanner.scan(ClasspathScanner.java:46)
	at com.thoughtworks.gauge.GaugeRuntime.connectSynchronously(GaugeRuntime.java:108)
	at com.thoughtworks.gauge.GaugeRuntime.startGaugeServer(GaugeRuntime.java:76)
	at com.thoughtworks.gauge.GaugeRuntime.main(GaugeRuntime.java:53)
Caused by: java.lang.ClassNotFoundException: org.junit.jupiter.api.extension.ParameterResolver
	at java.net.URLClassLoader.findClass(URLClassLoader.java:387)
	at java.lang.ClassLoader.loadClass(ClassLoader.java:418)
	at sun.misc.Launcher$AppClassLoader.loadClass(Launcher.java:355)
	at java.lang.ClassLoader.loadClass(ClassLoader.java:351)
	at org.reflections.ReflectionUtils.forName(ReflectionUtils.java:388)
	... 7 more
2021-12-07 23:27:08 WARN  Reflections:396 - could not get type for name org.jboss.marshalling.ByteInput from any class loader
org.reflections.ReflectionsException: could not get type for name org.jboss.marshalling.ByteInput
	at org.reflections.ReflectionUtils.forName(ReflectionUtils.java:390)
	at org.reflections.Reflections.expandSuperTypes(Reflections.java:381)
	at org.reflections.Reflections.<init>(Reflections.java:126)
	at com.thoughtworks.gauge.scan.ClasspathScanner.createReflections(ClasspathScanner.java:71)
	at com.thoughtworks.gauge.scan.ClasspathScanner.scan(ClasspathScanner.java:46)
	at com.thoughtworks.gauge.GaugeRuntime.connectSynchronously(GaugeRuntime.java:108)
	at com.thoughtworks.gauge.GaugeRuntime.startGaugeServer(GaugeRuntime.java:76)
	at com.thoughtworks.gauge.GaugeRuntime.main(GaugeRuntime.java:53)
Caused by: java.lang.ClassNotFoundException: org.jboss.marshalling.ByteInput
	at java.net.URLClassLoader.findClass(URLClassLoader.java:387)
	at java.lang.ClassLoader.loadClass(ClassLoader.java:418)
	at sun.misc.Launcher$AppClassLoader.loadClass(Launcher.java:355)
	at java.lang.ClassLoader.loadClass(ClassLoader.java:351)
	at org.reflections.ReflectionUtils.forName(ReflectionUtils.java:388)
	... 7 more
2021-12-07 23:27:08 WARN  Reflections:396 - could not get type for name org.hibernate.validator.spi.resourceloading.ResourceBundleLocator from any class loader
org.reflections.ReflectionsException: could not get type for name org.hibernate.validator.spi.resourceloading.ResourceBundleLocator
	at org.reflections.ReflectionUtils.forName(ReflectionUtils.java:390)
	at org.reflections.Reflections.expandSuperTypes(Reflections.java:381)
	at org.reflections.Reflections.<init>(Reflections.java:126)
	at com.thoughtworks.gauge.scan.ClasspathScanner.createReflections(ClasspathScanner.java:71)
	at com.thoughtworks.gauge.scan.ClasspathScanner.scan(ClasspathScanner.java:46)
	at com.thoughtworks.gauge.GaugeRuntime.connectSynchronously(GaugeRuntime.java:108)
	at com.thoughtworks.gauge.GaugeRuntime.startGaugeServer(GaugeRuntime.java:76)
	at com.thoughtworks.gauge.GaugeRuntime.main(GaugeRuntime.java:53)
Caused by: java.lang.ClassNotFoundException: org.hibernate.validator.spi.resourceloading.ResourceBundleLocator
	at java.net.URLClassLoader.findClass(URLClassLoader.java:387)
	at java.lang.ClassLoader.loadClass(ClassLoader.java:418)
	at sun.misc.Launcher$AppClassLoader.loadClass(Launcher.java:355)
	at java.lang.ClassLoader.loadClass(ClassLoader.java:351)
	at org.reflections.ReflectionUtils.forName(ReflectionUtils.java:388)
	... 7 more
2021-12-07 23:27:08 WARN  Reflections:396 - could not get type for name org.eclipse.swt.events.KeyListener from any class loader
org.reflections.ReflectionsException: could not get type for name org.eclipse.swt.events.KeyListener
	at org.reflections.ReflectionUtils.forName(ReflectionUtils.java:390)
	at org.reflections.Reflections.expandSuperTypes(Reflections.java:381)
	at org.reflections.Reflections.<init>(Reflections.java:126)
	at com.thoughtworks.gauge.scan.ClasspathScanner.createReflections(ClasspathScanner.java:71)
	at com.thoughtworks.gauge.scan.ClasspathScanner.scan(ClasspathScanner.java:46)
	at com.thoughtworks.gauge.GaugeRuntime.connectSynchronously(GaugeRuntime.java:108)
	at com.thoughtworks.gauge.GaugeRuntime.startGaugeServer(GaugeRuntime.java:76)
	at com.thoughtworks.gauge.GaugeRuntime.main(GaugeRuntime.java:53)
Caused by: java.lang.ClassNotFoundException: org.eclipse.swt.events.KeyListener
	at java.net.URLClassLoader.findClass(URLClassLoader.java:387)
	at java.lang.ClassLoader.loadClass(ClassLoader.java:418)
	at sun.misc.Launcher$AppClassLoader.loadClass(Launcher.java:355)
	at java.lang.ClassLoader.loadClass(ClassLoader.java:351)
	at org.reflections.ReflectionUtils.forName(ReflectionUtils.java:388)
	... 7 more
2021-12-07 23:27:08 WARN  Reflections:396 - could not get type for name javax.enterprise.concurrent.Trigger from any class loader
org.reflections.ReflectionsException: could not get type for name javax.enterprise.concurrent.Trigger
	at org.reflections.ReflectionUtils.forName(ReflectionUtils.java:390)
	at org.reflections.Reflections.expandSuperTypes(Reflections.java:381)
	at org.reflections.Reflections.<init>(Reflections.java:126)
	at com.thoughtworks.gauge.scan.ClasspathScanner.createReflections(ClasspathScanner.java:71)
	at com.thoughtworks.gauge.scan.ClasspathScanner.scan(ClasspathScanner.java:46)
	at com.thoughtworks.gauge.GaugeRuntime.connectSynchronously(GaugeRuntime.java:108)
	at com.thoughtworks.gauge.GaugeRuntime.startGaugeServer(GaugeRuntime.java:76)
	at com.thoughtworks.gauge.GaugeRuntime.main(GaugeRuntime.java:53)
Caused by: java.lang.ClassNotFoundException: javax.enterprise.concurrent.Trigger
	at java.net.URLClassLoader.findClass(URLClassLoader.java:387)
	at java.lang.ClassLoader.loadClass(ClassLoader.java:418)
	at sun.misc.Launcher$AppClassLoader.loadClass(Launcher.java:355)
	at java.lang.ClassLoader.loadClass(ClassLoader.java:351)
	at org.reflections.ReflectionUtils.forName(ReflectionUtils.java:388)
	... 7 more
2021-12-07 23:27:08 WARN  Reflections:396 - could not get type for name kotlin.jvm.internal.Lambda from any class loader
org.reflections.ReflectionsException: could not get type for name kotlin.jvm.internal.Lambda
	at org.reflections.ReflectionUtils.forName(ReflectionUtils.java:390)
	at org.reflections.Reflections.expandSuperTypes(Reflections.java:381)
	at org.reflections.Reflections.<init>(Reflections.java:126)
	at com.thoughtworks.gauge.scan.ClasspathScanner.createReflections(ClasspathScanner.java:71)
	at com.thoughtworks.gauge.scan.ClasspathScanner.scan(ClasspathScanner.java:46)
	at com.thoughtworks.gauge.GaugeRuntime.connectSynchronously(GaugeRuntime.java:108)
	at com.thoughtworks.gauge.GaugeRuntime.startGaugeServer(GaugeRuntime.java:76)
	at com.thoughtworks.gauge.GaugeRuntime.main(GaugeRuntime.java:53)
Caused by: java.lang.ClassNotFoundException: kotlin.jvm.internal.Lambda
	at java.net.URLClassLoader.findClass(URLClassLoader.java:387)
	at java.lang.ClassLoader.loadClass(ClassLoader.java:418)
	at sun.misc.Launcher$AppClassLoader.loadClass(Launcher.java:355)
	at java.lang.ClassLoader.loadClass(ClassLoader.java:351)
	at org.reflections.ReflectionUtils.forName(ReflectionUtils.java:388)
	... 7 more
2021-12-07 23:27:08 WARN  Reflections:396 - could not get type for name org.eclipse.jetty.alpn.ALPN$ServerProvider from any class loader
org.reflections.ReflectionsException: could not get type for name org.eclipse.jetty.alpn.ALPN$ServerProvider
	at org.reflections.ReflectionUtils.forName(ReflectionUtils.java:390)
	at org.reflections.Reflections.expandSuperTypes(Reflections.java:381)
	at org.reflections.Reflections.<init>(Reflections.java:126)
	at com.thoughtworks.gauge.scan.ClasspathScanner.createReflections(ClasspathScanner.java:71)
	at com.thoughtworks.gauge.scan.ClasspathScanner.scan(ClasspathScanner.java:46)
	at com.thoughtworks.gauge.GaugeRuntime.connectSynchronously(GaugeRuntime.java:108)
	at com.thoughtworks.gauge.GaugeRuntime.startGaugeServer(GaugeRuntime.java:76)
	at com.thoughtworks.gauge.GaugeRuntime.main(GaugeRuntime.java:53)
Caused by: java.lang.ClassNotFoundException: org.eclipse.jetty.alpn.ALPN$ServerProvider
	at java.net.URLClassLoader.findClass(URLClassLoader.java:387)
	at java.lang.ClassLoader.loadClass(ClassLoader.java:418)
	at sun.misc.Launcher$AppClassLoader.loadClass(Launcher.java:355)
	at java.lang.ClassLoader.loadClass(ClassLoader.java:351)
	at org.reflections.ReflectionUtils.forName(ReflectionUtils.java:388)
	... 7 more
2021-12-07 23:27:08 WARN  Reflections:396 - could not get type for name org.eclipse.swt.events.FocusListener from any class loader
org.reflections.ReflectionsException: could not get type for name org.eclipse.swt.events.FocusListener
	at org.reflections.ReflectionUtils.forName(ReflectionUtils.java:390)
	at org.reflections.Reflections.expandSuperTypes(Reflections.java:381)
	at org.reflections.Reflections.<init>(Reflections.java:126)
	at com.thoughtworks.gauge.scan.ClasspathScanner.createReflections(ClasspathScanner.java:71)
	at com.thoughtworks.gauge.scan.ClasspathScanner.scan(ClasspathScanner.java:46)
	at com.thoughtworks.gauge.GaugeRuntime.connectSynchronously(GaugeRuntime.java:108)
	at com.thoughtworks.gauge.GaugeRuntime.startGaugeServer(GaugeRuntime.java:76)
	at com.thoughtworks.gauge.GaugeRuntime.main(GaugeRuntime.java:53)
Caused by: java.lang.ClassNotFoundException: org.eclipse.swt.events.FocusListener
	at java.net.URLClassLoader.findClass(URLClassLoader.java:387)
	at java.lang.ClassLoader.loadClass(ClassLoader.java:418)
	at sun.misc.Launcher$AppClassLoader.loadClass(Launcher.java:355)
	at java.lang.ClassLoader.loadClass(ClassLoader.java:351)
	at org.reflections.ReflectionUtils.forName(ReflectionUtils.java:388)
	... 7 more
2021-12-07 23:27:08 WARN  Reflections:396 - could not get type for name groovy.lang.GroovyObjectSupport from any class loader
org.reflections.ReflectionsException: could not get type for name groovy.lang.GroovyObjectSupport
	at org.reflections.ReflectionUtils.forName(ReflectionUtils.java:390)
	at org.reflections.Reflections.expandSuperTypes(Reflections.java:381)
	at org.reflections.Reflections.<init>(Reflections.java:126)
	at com.thoughtworks.gauge.scan.ClasspathScanner.createReflections(ClasspathScanner.java:71)
	at com.thoughtworks.gauge.scan.ClasspathScanner.scan(ClasspathScanner.java:46)
	at com.thoughtworks.gauge.GaugeRuntime.connectSynchronously(GaugeRuntime.java:108)
	at com.thoughtworks.gauge.GaugeRuntime.startGaugeServer(GaugeRuntime.java:76)
	at com.thoughtworks.gauge.GaugeRuntime.main(GaugeRuntime.java:53)
Caused by: java.lang.ClassNotFoundException: groovy.lang.GroovyObjectSupport
	at java.net.URLClassLoader.findClass(URLClassLoader.java:387)
	at java.lang.ClassLoader.loadClass(ClassLoader.java:418)
	at sun.misc.Launcher$AppClassLoader.loadClass(Launcher.java:355)
	at java.lang.ClassLoader.loadClass(ClassLoader.java:351)
	at org.reflections.ReflectionUtils.forName(ReflectionUtils.java:388)
	... 7 more
2021-12-07 23:27:08 WARN  Reflections:396 - could not get type for name org.eclipse.jetty.npn.NextProtoNego$ServerProvider from any class loader
org.reflections.ReflectionsException: could not get type for name org.eclipse.jetty.npn.NextProtoNego$ServerProvider
	at org.reflections.ReflectionUtils.forName(ReflectionUtils.java:390)
	at org.reflections.Reflections.expandSuperTypes(Reflections.java:381)
	at org.reflections.Reflections.<init>(Reflections.java:126)
	at com.thoughtworks.gauge.scan.ClasspathScanner.createReflections(ClasspathScanner.java:71)
	at com.thoughtworks.gauge.scan.ClasspathScanner.scan(ClasspathScanner.java:46)
	at com.thoughtworks.gauge.GaugeRuntime.connectSynchronously(GaugeRuntime.java:108)
	at com.thoughtworks.gauge.GaugeRuntime.startGaugeServer(GaugeRuntime.java:76)
	at com.thoughtworks.gauge.GaugeRuntime.main(GaugeRuntime.java:53)
Caused by: java.lang.ClassNotFoundException: org.eclipse.jetty.npn.NextProtoNego$ServerProvider
	at java.net.URLClassLoader.findClass(URLClassLoader.java:387)
	at java.lang.ClassLoader.loadClass(ClassLoader.java:418)
	at sun.misc.Launcher$AppClassLoader.loadClass(Launcher.java:355)
	at java.lang.ClassLoader.loadClass(ClassLoader.java:351)
	at org.reflections.ReflectionUtils.forName(ReflectionUtils.java:388)
	... 7 more
2021-12-07 23:27:08 WARN  Reflections:396 - could not get type for name javax.jms.MessageListener from any class loader
org.reflections.ReflectionsException: could not get type for name javax.jms.MessageListener
	at org.reflections.ReflectionUtils.forName(ReflectionUtils.java:390)
	at org.reflections.Reflections.expandSuperTypes(Reflections.java:381)
	at org.reflections.Reflections.<init>(Reflections.java:126)
	at com.thoughtworks.gauge.scan.ClasspathScanner.createReflections(ClasspathScanner.java:71)
	at com.thoughtworks.gauge.scan.ClasspathScanner.scan(ClasspathScanner.java:46)
	at com.thoughtworks.gauge.GaugeRuntime.connectSynchronously(GaugeRuntime.java:108)
	at com.thoughtworks.gauge.GaugeRuntime.startGaugeServer(GaugeRuntime.java:76)
	at com.thoughtworks.gauge.GaugeRuntime.main(GaugeRuntime.java:53)
Caused by: java.lang.ClassNotFoundException: javax.jms.MessageListener
	at java.net.URLClassLoader.findClass(URLClassLoader.java:387)
	at java.lang.ClassLoader.loadClass(ClassLoader.java:418)
	at sun.misc.Launcher$AppClassLoader.loadClass(Launcher.java:355)
	at java.lang.ClassLoader.loadClass(ClassLoader.java:351)
	at org.reflections.ReflectionUtils.forName(ReflectionUtils.java:388)
	... 7 more
2021-12-07 23:27:08 WARN  Reflections:396 - could not get type for name org.apache.logging.log4j.spi.ExtendedLoggerWrapper from any class loader
org.reflections.ReflectionsException: could not get type for name org.apache.logging.log4j.spi.ExtendedLoggerWrapper
	at org.reflections.ReflectionUtils.forName(ReflectionUtils.java:390)
	at org.reflections.Reflections.expandSuperTypes(Reflections.java:381)
	at org.reflections.Reflections.<init>(Reflections.java:126)
	at com.thoughtworks.gauge.scan.ClasspathScanner.createReflections(ClasspathScanner.java:71)
	at com.thoughtworks.gauge.scan.ClasspathScanner.scan(ClasspathScanner.java:46)
	at com.thoughtworks.gauge.GaugeRuntime.connectSynchronously(GaugeRuntime.java:108)
	at com.thoughtworks.gauge.GaugeRuntime.startGaugeServer(GaugeRuntime.java:76)
	at com.thoughtworks.gauge.GaugeRuntime.main(GaugeRuntime.java:53)
Caused by: java.lang.ClassNotFoundException: org.apache.logging.log4j.spi.ExtendedLoggerWrapper
	at java.net.URLClassLoader.findClass(URLClassLoader.java:387)
	at java.lang.ClassLoader.loadClass(ClassLoader.java:418)
	at sun.misc.Launcher$AppClassLoader.loadClass(Launcher.java:355)
	at java.lang.ClassLoader.loadClass(ClassLoader.java:351)
	at org.reflections.ReflectionUtils.forName(ReflectionUtils.java:388)
	... 7 more
2021-12-07 23:27:08 WARN  Reflections:396 - could not get type for name javax.inject.Provider from any class loader
org.reflections.ReflectionsException: could not get type for name javax.inject.Provider
	at org.reflections.ReflectionUtils.forName(ReflectionUtils.java:390)
	at org.reflections.Reflections.expandSuperTypes(Reflections.java:381)
	at org.reflections.Reflections.<init>(Reflections.java:126)
	at com.thoughtworks.gauge.scan.ClasspathScanner.createReflections(ClasspathScanner.java:71)
	at com.thoughtworks.gauge.scan.ClasspathScanner.scan(ClasspathScanner.java:46)
	at com.thoughtworks.gauge.GaugeRuntime.connectSynchronously(GaugeRuntime.java:108)
	at com.thoughtworks.gauge.GaugeRuntime.startGaugeServer(GaugeRuntime.java:76)
	at com.thoughtworks.gauge.GaugeRuntime.main(GaugeRuntime.java:53)
Caused by: java.lang.ClassNotFoundException: javax.inject.Provider
	at java.net.URLClassLoader.findClass(URLClassLoader.java:387)
	at java.lang.ClassLoader.loadClass(ClassLoader.java:418)
	at sun.misc.Launcher$AppClassLoader.loadClass(Launcher.java:355)
	at java.lang.ClassLoader.loadClass(ClassLoader.java:351)
	at org.reflections.ReflectionUtils.forName(ReflectionUtils.java:388)
	... 7 more
2021-12-07 23:27:08 WARN  Reflections:396 - could not get type for name org.eclipse.swt.widgets.Canvas from any class loader
org.reflections.ReflectionsException: could not get type for name org.eclipse.swt.widgets.Canvas
	at org.reflections.ReflectionUtils.forName(ReflectionUtils.java:390)
	at org.reflections.Reflections.expandSuperTypes(Reflections.java:381)
	at org.reflections.Reflections.<init>(Reflections.java:126)
	at com.thoughtworks.gauge.scan.ClasspathScanner.createReflections(ClasspathScanner.java:71)
	at com.thoughtworks.gauge.scan.ClasspathScanner.scan(ClasspathScanner.java:46)
	at com.thoughtworks.gauge.GaugeRuntime.connectSynchronously(GaugeRuntime.java:108)
	at com.thoughtworks.gauge.GaugeRuntime.startGaugeServer(GaugeRuntime.java:76)
	at com.thoughtworks.gauge.GaugeRuntime.main(GaugeRuntime.java:53)
Caused by: java.lang.ClassNotFoundException: org.eclipse.swt.widgets.Canvas
	at java.net.URLClassLoader.findClass(URLClassLoader.java:387)
	at java.lang.ClassLoader.loadClass(ClassLoader.java:418)
	at sun.misc.Launcher$AppClassLoader.loadClass(Launcher.java:355)
	at java.lang.ClassLoader.loadClass(ClassLoader.java:351)
	at org.reflections.ReflectionUtils.forName(ReflectionUtils.java:388)
	... 7 more
2021-12-07 23:27:08 WARN  Reflections:396 - could not get type for name org.junit.jupiter.api.extension.AfterEachCallback from any class loader
org.reflections.ReflectionsException: could not get type for name org.junit.jupiter.api.extension.AfterEachCallback
	at org.reflections.ReflectionUtils.forName(ReflectionUtils.java:390)
	at org.reflections.Reflections.expandSuperTypes(Reflections.java:381)
	at org.reflections.Reflections.<init>(Reflections.java:126)
	at com.thoughtworks.gauge.scan.ClasspathScanner.createReflections(ClasspathScanner.java:71)
	at com.thoughtworks.gauge.scan.ClasspathScanner.scan(ClasspathScanner.java:46)
	at com.thoughtworks.gauge.GaugeRuntime.connectSynchronously(GaugeRuntime.java:108)
	at com.thoughtworks.gauge.GaugeRuntime.startGaugeServer(GaugeRuntime.java:76)
	at com.thoughtworks.gauge.GaugeRuntime.main(GaugeRuntime.java:53)
Caused by: java.lang.ClassNotFoundException: org.junit.jupiter.api.extension.AfterEachCallback
	at java.net.URLClassLoader.findClass(URLClassLoader.java:387)
	at java.lang.ClassLoader.loadClass(ClassLoader.java:418)
	at sun.misc.Launcher$AppClassLoader.loadClass(Launcher.java:355)
	at java.lang.ClassLoader.loadClass(ClassLoader.java:351)
	at org.reflections.ReflectionUtils.forName(ReflectionUtils.java:388)
	... 7 more
2021-12-07 23:27:08 WARN  Reflections:396 - could not get type for name javax.validation.ParameterNameProvider from any class loader
org.reflections.ReflectionsException: could not get type for name javax.validation.ParameterNameProvider
	at org.reflections.ReflectionUtils.forName(ReflectionUtils.java:390)
	at org.reflections.Reflections.expandSuperTypes(Reflections.java:381)
	at org.reflections.Reflections.<init>(Reflections.java:126)
	at com.thoughtworks.gauge.scan.ClasspathScanner.createReflections(ClasspathScanner.java:71)
	at com.thoughtworks.gauge.scan.ClasspathScanner.scan(ClasspathScanner.java:46)
	at com.thoughtworks.gauge.GaugeRuntime.connectSynchronously(GaugeRuntime.java:108)
	at com.thoughtworks.gauge.GaugeRuntime.startGaugeServer(GaugeRuntime.java:76)
	at com.thoughtworks.gauge.GaugeRuntime.main(GaugeRuntime.java:53)
Caused by: java.lang.ClassNotFoundException: javax.validation.ParameterNameProvider
	at java.net.URLClassLoader.findClass(URLClassLoader.java:387)
	at java.lang.ClassLoader.loadClass(ClassLoader.java:418)
	at sun.misc.Launcher$AppClassLoader.loadClass(Launcher.java:355)
	at java.lang.ClassLoader.loadClass(ClassLoader.java:351)
	at org.reflections.ReflectionUtils.forName(ReflectionUtils.java:388)
	... 7 more
2021-12-07 23:27:08 WARN  Reflections:396 - could not get type for name groovy.lang.GroovyObject from any class loader
org.reflections.ReflectionsException: could not get type for name groovy.lang.GroovyObject
	at org.reflections.ReflectionUtils.forName(ReflectionUtils.java:390)
	at org.reflections.Reflections.expandSuperTypes(Reflections.java:381)
	at org.reflections.Reflections.<init>(Reflections.java:126)
	at com.thoughtworks.gauge.scan.ClasspathScanner.createReflections(ClasspathScanner.java:71)
	at com.thoughtworks.gauge.scan.ClasspathScanner.scan(ClasspathScanner.java:46)
	at com.thoughtworks.gauge.GaugeRuntime.connectSynchronously(GaugeRuntime.java:108)
	at com.thoughtworks.gauge.GaugeRuntime.startGaugeServer(GaugeRuntime.java:76)
	at com.thoughtworks.gauge.GaugeRuntime.main(GaugeRuntime.java:53)
Caused by: java.lang.ClassNotFoundException: groovy.lang.GroovyObject
	at java.net.URLClassLoader.findClass(URLClassLoader.java:387)
	at java.lang.ClassLoader.loadClass(ClassLoader.java:418)
	at sun.misc.Launcher$AppClassLoader.loadClass(Launcher.java:355)
	at java.lang.ClassLoader.loadClass(ClassLoader.java:351)
	at org.reflections.ReflectionUtils.forName(ReflectionUtils.java:388)
	... 7 more
2021-12-07 23:27:08 WARN  Reflections:396 - could not get type for name org.eclipse.jetty.npn.NextProtoNego$ClientProvider from any class loader
org.reflections.ReflectionsException: could not get type for name org.eclipse.jetty.npn.NextProtoNego$ClientProvider
	at org.reflections.ReflectionUtils.forName(ReflectionUtils.java:390)
	at org.reflections.Reflections.expandSuperTypes(Reflections.java:381)
	at org.reflections.Reflections.<init>(Reflections.java:126)
	at com.thoughtworks.gauge.scan.ClasspathScanner.createReflections(ClasspathScanner.java:71)
	at com.thoughtworks.gauge.scan.ClasspathScanner.scan(ClasspathScanner.java:46)
	at com.thoughtworks.gauge.GaugeRuntime.connectSynchronously(GaugeRuntime.java:108)
	at com.thoughtworks.gauge.GaugeRuntime.startGaugeServer(GaugeRuntime.java:76)
	at com.thoughtworks.gauge.GaugeRuntime.main(GaugeRuntime.java:53)
Caused by: java.lang.ClassNotFoundException: org.eclipse.jetty.npn.NextProtoNego$ClientProvider
	at java.net.URLClassLoader.findClass(URLClassLoader.java:387)
	at java.lang.ClassLoader.loadClass(ClassLoader.java:418)
	at sun.misc.Launcher$AppClassLoader.loadClass(Launcher.java:355)
	at java.lang.ClassLoader.loadClass(ClassLoader.java:351)
	at org.reflections.ReflectionUtils.forName(ReflectionUtils.java:388)
	... 7 more
2021-12-07 23:27:10 INFO  Reflections:232 - Reflections took 1668 ms to scan 93 urls, producing 10895 keys and 49014 values 
2021-12-07 23:27:10 WARN  Reflections:396 - could not get type for name org.eclipse.swt.events.ControlListener from any class loader
org.reflections.ReflectionsException: could not get type for name org.eclipse.swt.events.ControlListener
	at org.reflections.ReflectionUtils.forName(ReflectionUtils.java:390)
	at org.reflections.Reflections.expandSuperTypes(Reflections.java:381)
	at org.reflections.Reflections.<init>(Reflections.java:126)
	at com.thoughtworks.gauge.execution.parameters.parsers.base.ParameterParsingChain.createReflections(ParameterParsingChain.java:57)
	at com.thoughtworks.gauge.execution.parameters.parsers.base.ParameterParsingChain.<init>(ParameterParsingChain.java:43)
	at com.thoughtworks.gauge.connection.MessageDispatcher.initializeMessageProcessor(MessageDispatcher.java:109)
	at com.thoughtworks.gauge.connection.MessageDispatcher.<init>(MessageDispatcher.java:69)
	at com.thoughtworks.gauge.GaugeRuntime.dispatchMessages(GaugeRuntime.java:128)
	at com.thoughtworks.gauge.GaugeRuntime.lambda$connectSynchronously$2(GaugeRuntime.java:109)
	at java.lang.Thread.run(Thread.java:748)
Caused by: java.lang.ClassNotFoundException: org.eclipse.swt.events.ControlListener
	at java.net.URLClassLoader.findClass(URLClassLoader.java:387)
	at java.lang.ClassLoader.loadClass(ClassLoader.java:418)
	at sun.misc.Launcher$AppClassLoader.loadClass(Launcher.java:355)
	at java.lang.ClassLoader.loadClass(ClassLoader.java:351)
	at org.reflections.ReflectionUtils.forName(ReflectionUtils.java:388)
	... 9 more
2021-12-07 23:27:10 WARN  Reflections:396 - could not get type for name groovy.lang.Closure from any class loader
org.reflections.ReflectionsException: could not get type for name groovy.lang.Closure
	at org.reflections.ReflectionUtils.forName(ReflectionUtils.java:390)
	at org.reflections.Reflections.expandSuperTypes(Reflections.java:381)
	at org.reflections.Reflections.<init>(Reflections.java:126)
	at com.thoughtworks.gauge.execution.parameters.parsers.base.ParameterParsingChain.createReflections(ParameterParsingChain.java:57)
	at com.thoughtworks.gauge.execution.parameters.parsers.base.ParameterParsingChain.<init>(ParameterParsingChain.java:43)
	at com.thoughtworks.gauge.connection.MessageDispatcher.initializeMessageProcessor(MessageDispatcher.java:109)
	at com.thoughtworks.gauge.connection.MessageDispatcher.<init>(MessageDispatcher.java:69)
	at com.thoughtworks.gauge.GaugeRuntime.dispatchMessages(GaugeRuntime.java:128)
	at com.thoughtworks.gauge.GaugeRuntime.lambda$connectSynchronously$2(GaugeRuntime.java:109)
	at java.lang.Thread.run(Thread.java:748)
Caused by: java.lang.ClassNotFoundException: groovy.lang.Closure
	at java.net.URLClassLoader.findClass(URLClassLoader.java:387)
	at java.lang.ClassLoader.loadClass(ClassLoader.java:418)
	at sun.misc.Launcher$AppClassLoader.loadClass(Launcher.java:355)
	at java.lang.ClassLoader.loadClass(ClassLoader.java:351)
	at org.reflections.ReflectionUtils.forName(ReflectionUtils.java:388)
	... 9 more
2021-12-07 23:27:10 WARN  Reflections:396 - could not get type for name kotlin.jvm.internal.FunctionReference from any class loader
org.reflections.ReflectionsException: could not get type for name kotlin.jvm.internal.FunctionReference
	at org.reflections.ReflectionUtils.forName(ReflectionUtils.java:390)
	at org.reflections.Reflections.expandSuperTypes(Reflections.java:381)
	at org.reflections.Reflections.<init>(Reflections.java:126)
	at com.thoughtworks.gauge.execution.parameters.parsers.base.ParameterParsingChain.createReflections(ParameterParsingChain.java:57)
	at com.thoughtworks.gauge.execution.parameters.parsers.base.ParameterParsingChain.<init>(ParameterParsingChain.java:43)
	at com.thoughtworks.gauge.connection.MessageDispatcher.initializeMessageProcessor(MessageDispatcher.java:109)
	at com.thoughtworks.gauge.connection.MessageDispatcher.<init>(MessageDispatcher.java:69)
	at com.thoughtworks.gauge.GaugeRuntime.dispatchMessages(GaugeRuntime.java:128)
	at com.thoughtworks.gauge.GaugeRuntime.lambda$connectSynchronously$2(GaugeRuntime.java:109)
	at java.lang.Thread.run(Thread.java:748)
Caused by: java.lang.ClassNotFoundException: kotlin.jvm.internal.FunctionReference
	at java.net.URLClassLoader.findClass(URLClassLoader.java:387)
	at java.lang.ClassLoader.loadClass(ClassLoader.java:418)
	at sun.misc.Launcher$AppClassLoader.loadClass(Launcher.java:355)
	at java.lang.ClassLoader.loadClass(ClassLoader.java:351)
	at org.reflections.ReflectionUtils.forName(ReflectionUtils.java:388)
	... 9 more
2021-12-07 23:27:10 WARN  Reflections:396 - could not get type for name org.codehaus.groovy.runtime.GeneratedClosure from any class loader
org.reflections.ReflectionsException: could not get type for name org.codehaus.groovy.runtime.GeneratedClosure
	at org.reflections.ReflectionUtils.forName(ReflectionUtils.java:390)
	at org.reflections.Reflections.expandSuperTypes(Reflections.java:381)
	at org.reflections.Reflections.<init>(Reflections.java:126)
	at com.thoughtworks.gauge.execution.parameters.parsers.base.ParameterParsingChain.createReflections(ParameterParsingChain.java:57)
	at com.thoughtworks.gauge.execution.parameters.parsers.base.ParameterParsingChain.<init>(ParameterParsingChain.java:43)
	at com.thoughtworks.gauge.connection.MessageDispatcher.initializeMessageProcessor(MessageDispatcher.java:109)
	at com.thoughtworks.gauge.connection.MessageDispatcher.<init>(MessageDispatcher.java:69)
	at com.thoughtworks.gauge.GaugeRuntime.dispatchMessages(GaugeRuntime.java:128)
	at com.thoughtworks.gauge.GaugeRuntime.lambda$connectSynchronously$2(GaugeRuntime.java:109)
	at java.lang.Thread.run(Thread.java:748)
Caused by: java.lang.ClassNotFoundException: org.codehaus.groovy.runtime.GeneratedClosure
	at java.net.URLClassLoader.findClass(URLClassLoader.java:387)
	at java.lang.ClassLoader.loadClass(ClassLoader.java:418)
	at sun.misc.Launcher$AppClassLoader.loadClass(Launcher.java:355)
	at java.lang.ClassLoader.loadClass(ClassLoader.java:351)
	at org.reflections.ReflectionUtils.forName(ReflectionUtils.java:388)
	... 9 more
2021-12-07 23:27:10 WARN  Reflections:396 - could not get type for name javax.validation.MessageInterpolator from any class loader
org.reflections.ReflectionsException: could not get type for name javax.validation.MessageInterpolator
	at org.reflections.ReflectionUtils.forName(ReflectionUtils.java:390)
	at org.reflections.Reflections.expandSuperTypes(Reflections.java:381)
	at org.reflections.Reflections.<init>(Reflections.java:126)
	at com.thoughtworks.gauge.execution.parameters.parsers.base.ParameterParsingChain.createReflections(ParameterParsingChain.java:57)
	at com.thoughtworks.gauge.execution.parameters.parsers.base.ParameterParsingChain.<init>(ParameterParsingChain.java:43)
	at com.thoughtworks.gauge.connection.MessageDispatcher.initializeMessageProcessor(MessageDispatcher.java:109)
	at com.thoughtworks.gauge.connection.MessageDispatcher.<init>(MessageDispatcher.java:69)
	at com.thoughtworks.gauge.GaugeRuntime.dispatchMessages(GaugeRuntime.java:128)
	at com.thoughtworks.gauge.GaugeRuntime.lambda$connectSynchronously$2(GaugeRuntime.java:109)
	at java.lang.Thread.run(Thread.java:748)
Caused by: java.lang.ClassNotFoundException: javax.validation.MessageInterpolator
	at java.net.URLClassLoader.findClass(URLClassLoader.java:387)
	at java.lang.ClassLoader.loadClass(ClassLoader.java:418)
	at sun.misc.Launcher$AppClassLoader.loadClass(Launcher.java:355)
	at java.lang.ClassLoader.loadClass(ClassLoader.java:351)
	at org.reflections.ReflectionUtils.forName(ReflectionUtils.java:388)
	... 9 more
2021-12-07 23:27:10 WARN  Reflections:396 - could not get type for name javax.validation.Validator from any class loader
org.reflections.ReflectionsException: could not get type for name javax.validation.Validator
	at org.reflections.ReflectionUtils.forName(ReflectionUtils.java:390)
	at org.reflections.Reflections.expandSuperTypes(Reflections.java:381)
	at org.reflections.Reflections.<init>(Reflections.java:126)
	at com.thoughtworks.gauge.execution.parameters.parsers.base.ParameterParsingChain.createReflections(ParameterParsingChain.java:57)
	at com.thoughtworks.gauge.execution.parameters.parsers.base.ParameterParsingChain.<init>(ParameterParsingChain.java:43)
	at com.thoughtworks.gauge.connection.MessageDispatcher.initializeMessageProcessor(MessageDispatcher.java:109)
	at com.thoughtworks.gauge.connection.MessageDispatcher.<init>(MessageDispatcher.java:69)
	at com.thoughtworks.gauge.GaugeRuntime.dispatchMessages(GaugeRuntime.java:128)
	at com.thoughtworks.gauge.GaugeRuntime.lambda$connectSynchronously$2(GaugeRuntime.java:109)
	at java.lang.Thread.run(Thread.java:748)
Caused by: java.lang.ClassNotFoundException: javax.validation.Validator
	at java.net.URLClassLoader.findClass(URLClassLoader.java:387)
	at java.lang.ClassLoader.loadClass(ClassLoader.java:418)
	at sun.misc.Launcher$AppClassLoader.loadClass(Launcher.java:355)
	at java.lang.ClassLoader.loadClass(ClassLoader.java:351)
	at org.reflections.ReflectionUtils.forName(ReflectionUtils.java:388)
	... 9 more
2021-12-07 23:27:10 WARN  Reflections:396 - could not get type for name org.conscrypt.BufferAllocator from any class loader
org.reflections.ReflectionsException: could not get type for name org.conscrypt.BufferAllocator
	at org.reflections.ReflectionUtils.forName(ReflectionUtils.java:390)
	at org.reflections.Reflections.expandSuperTypes(Reflections.java:381)
	at org.reflections.Reflections.<init>(Reflections.java:126)
	at com.thoughtworks.gauge.execution.parameters.parsers.base.ParameterParsingChain.createReflections(ParameterParsingChain.java:57)
	at com.thoughtworks.gauge.execution.parameters.parsers.base.ParameterParsingChain.<init>(ParameterParsingChain.java:43)
	at com.thoughtworks.gauge.connection.MessageDispatcher.initializeMessageProcessor(MessageDispatcher.java:109)
	at com.thoughtworks.gauge.connection.MessageDispatcher.<init>(MessageDispatcher.java:69)
	at com.thoughtworks.gauge.GaugeRuntime.dispatchMessages(GaugeRuntime.java:128)
	at com.thoughtworks.gauge.GaugeRuntime.lambda$connectSynchronously$2(GaugeRuntime.java:109)
	at java.lang.Thread.run(Thread.java:748)
Caused by: java.lang.ClassNotFoundException: org.conscrypt.BufferAllocator
	at java.net.URLClassLoader.findClass(URLClassLoader.java:387)
	at java.lang.ClassLoader.loadClass(ClassLoader.java:418)
	at sun.misc.Launcher$AppClassLoader.loadClass(Launcher.java:355)
	at java.lang.ClassLoader.loadClass(ClassLoader.java:351)
	at org.reflections.ReflectionUtils.forName(ReflectionUtils.java:388)
	... 9 more
2021-12-07 23:27:10 WARN  Reflections:396 - could not get type for name javax.validation.ValidatorFactory from any class loader
org.reflections.ReflectionsException: could not get type for name javax.validation.ValidatorFactory
	at org.reflections.ReflectionUtils.forName(ReflectionUtils.java:390)
	at org.reflections.Reflections.expandSuperTypes(Reflections.java:381)
	at org.reflections.Reflections.<init>(Reflections.java:126)
	at com.thoughtworks.gauge.execution.parameters.parsers.base.ParameterParsingChain.createReflections(ParameterParsingChain.java:57)
	at com.thoughtworks.gauge.execution.parameters.parsers.base.ParameterParsingChain.<init>(ParameterParsingChain.java:43)
	at com.thoughtworks.gauge.connection.MessageDispatcher.initializeMessageProcessor(MessageDispatcher.java:109)
	at com.thoughtworks.gauge.connection.MessageDispatcher.<init>(MessageDispatcher.java:69)
	at com.thoughtworks.gauge.GaugeRuntime.dispatchMessages(GaugeRuntime.java:128)
	at com.thoughtworks.gauge.GaugeRuntime.lambda$connectSynchronously$2(GaugeRuntime.java:109)
	at java.lang.Thread.run(Thread.java:748)
Caused by: java.lang.ClassNotFoundException: javax.validation.ValidatorFactory
	at java.net.URLClassLoader.findClass(URLClassLoader.java:387)
	at java.lang.ClassLoader.loadClass(ClassLoader.java:418)
	at sun.misc.Launcher$AppClassLoader.loadClass(Launcher.java:355)
	at java.lang.ClassLoader.loadClass(ClassLoader.java:351)
	at org.reflections.ReflectionUtils.forName(ReflectionUtils.java:388)
	... 9 more
2021-12-07 23:27:10 WARN  Reflections:396 - could not get type for name javax.mail.Authenticator from any class loader
org.reflections.ReflectionsException: could not get type for name javax.mail.Authenticator
	at org.reflections.ReflectionUtils.forName(ReflectionUtils.java:390)
	at org.reflections.Reflections.expandSuperTypes(Reflections.java:381)
	at org.reflections.Reflections.<init>(Reflections.java:126)
	at com.thoughtworks.gauge.execution.parameters.parsers.base.ParameterParsingChain.createReflections(ParameterParsingChain.java:57)
	at com.thoughtworks.gauge.execution.parameters.parsers.base.ParameterParsingChain.<init>(ParameterParsingChain.java:43)
	at com.thoughtworks.gauge.connection.MessageDispatcher.initializeMessageProcessor(MessageDispatcher.java:109)
	at com.thoughtworks.gauge.connection.MessageDispatcher.<init>(MessageDispatcher.java:69)
	at com.thoughtworks.gauge.GaugeRuntime.dispatchMessages(GaugeRuntime.java:128)
	at com.thoughtworks.gauge.GaugeRuntime.lambda$connectSynchronously$2(GaugeRuntime.java:109)
	at java.lang.Thread.run(Thread.java:748)
Caused by: java.lang.ClassNotFoundException: javax.mail.Authenticator
	at java.net.URLClassLoader.findClass(URLClassLoader.java:387)
	at java.lang.ClassLoader.loadClass(ClassLoader.java:418)
	at sun.misc.Launcher$AppClassLoader.loadClass(Launcher.java:355)
	at java.lang.ClassLoader.loadClass(ClassLoader.java:351)
	at org.reflections.ReflectionUtils.forName(ReflectionUtils.java:388)
	... 9 more
2021-12-07 23:27:10 WARN  Reflections:396 - could not get type for name javax.validation.ConstraintValidatorFactory from any class loader
org.reflections.ReflectionsException: could not get type for name javax.validation.ConstraintValidatorFactory
	at org.reflections.ReflectionUtils.forName(ReflectionUtils.java:390)
	at org.reflections.Reflections.expandSuperTypes(Reflections.java:381)
	at org.reflections.Reflections.<init>(Reflections.java:126)
	at com.thoughtworks.gauge.execution.parameters.parsers.base.ParameterParsingChain.createReflections(ParameterParsingChain.java:57)
	at com.thoughtworks.gauge.execution.parameters.parsers.base.ParameterParsingChain.<init>(ParameterParsingChain.java:43)
	at com.thoughtworks.gauge.connection.MessageDispatcher.initializeMessageProcessor(MessageDispatcher.java:109)
	at com.thoughtworks.gauge.connection.MessageDispatcher.<init>(MessageDispatcher.java:69)
	at com.thoughtworks.gauge.GaugeRuntime.dispatchMessages(GaugeRuntime.java:128)
	at com.thoughtworks.gauge.GaugeRuntime.lambda$connectSynchronously$2(GaugeRuntime.java:109)
	at java.lang.Thread.run(Thread.java:748)
Caused by: java.lang.ClassNotFoundException: javax.validation.ConstraintValidatorFactory
	at java.net.URLClassLoader.findClass(URLClassLoader.java:387)
	at java.lang.ClassLoader.loadClass(ClassLoader.java:418)
	at sun.misc.Launcher$AppClassLoader.loadClass(Launcher.java:355)
	at java.lang.ClassLoader.loadClass(ClassLoader.java:351)
	at org.reflections.ReflectionUtils.forName(ReflectionUtils.java:388)
	... 9 more
2021-12-07 23:27:10 WARN  Reflections:396 - could not get type for name org.eclipse.swt.events.DisposeListener from any class loader
org.reflections.ReflectionsException: could not get type for name org.eclipse.swt.events.DisposeListener
	at org.reflections.ReflectionUtils.forName(ReflectionUtils.java:390)
	at org.reflections.Reflections.expandSuperTypes(Reflections.java:381)
	at org.reflections.Reflections.<init>(Reflections.java:126)
	at com.thoughtworks.gauge.execution.parameters.parsers.base.ParameterParsingChain.createReflections(ParameterParsingChain.java:57)
	at com.thoughtworks.gauge.execution.parameters.parsers.base.ParameterParsingChain.<init>(ParameterParsingChain.java:43)
	at com.thoughtworks.gauge.connection.MessageDispatcher.initializeMessageProcessor(MessageDispatcher.java:109)
	at com.thoughtworks.gauge.connection.MessageDispatcher.<init>(MessageDispatcher.java:69)
	at com.thoughtworks.gauge.GaugeRuntime.dispatchMessages(GaugeRuntime.java:128)
	at com.thoughtworks.gauge.GaugeRuntime.lambda$connectSynchronously$2(GaugeRuntime.java:109)
	at java.lang.Thread.run(Thread.java:748)
Caused by: java.lang.ClassNotFoundException: org.eclipse.swt.events.DisposeListener
	at java.net.URLClassLoader.findClass(URLClassLoader.java:387)
	at java.lang.ClassLoader.loadClass(ClassLoader.java:418)
	at sun.misc.Launcher$AppClassLoader.loadClass(Launcher.java:355)
	at java.lang.ClassLoader.loadClass(ClassLoader.java:351)
	at org.reflections.ReflectionUtils.forName(ReflectionUtils.java:388)
	... 9 more
2021-12-07 23:27:10 WARN  Reflections:396 - could not get type for name org.opentest4j.MultipleFailuresError from any class loader
org.reflections.ReflectionsException: could not get type for name org.opentest4j.MultipleFailuresError
	at org.reflections.ReflectionUtils.forName(ReflectionUtils.java:390)
	at org.reflections.Reflections.expandSuperTypes(Reflections.java:381)
	at org.reflections.Reflections.<init>(Reflections.java:126)
	at com.thoughtworks.gauge.execution.parameters.parsers.base.ParameterParsingChain.createReflections(ParameterParsingChain.java:57)
	at com.thoughtworks.gauge.execution.parameters.parsers.base.ParameterParsingChain.<init>(ParameterParsingChain.java:43)
	at com.thoughtworks.gauge.connection.MessageDispatcher.initializeMessageProcessor(MessageDispatcher.java:109)
	at com.thoughtworks.gauge.connection.MessageDispatcher.<init>(MessageDispatcher.java:69)
	at com.thoughtworks.gauge.GaugeRuntime.dispatchMessages(GaugeRuntime.java:128)
	at com.thoughtworks.gauge.GaugeRuntime.lambda$connectSynchronously$2(GaugeRuntime.java:109)
	at java.lang.Thread.run(Thread.java:748)
Caused by: java.lang.ClassNotFoundException: org.opentest4j.MultipleFailuresError
	at java.net.URLClassLoader.findClass(URLClassLoader.java:387)
	at java.lang.ClassLoader.loadClass(ClassLoader.java:418)
	at sun.misc.Launcher$AppClassLoader.loadClass(Launcher.java:355)
	at java.lang.ClassLoader.loadClass(ClassLoader.java:351)
	at org.reflections.ReflectionUtils.forName(ReflectionUtils.java:388)
	... 9 more
2021-12-07 23:27:10 WARN  Reflections:396 - could not get type for name kotlin.jvm.functions.Function1 from any class loader
org.reflections.ReflectionsException: could not get type for name kotlin.jvm.functions.Function1
	at org.reflections.ReflectionUtils.forName(ReflectionUtils.java:390)
	at org.reflections.Reflections.expandSuperTypes(Reflections.java:381)
	at org.reflections.Reflections.<init>(Reflections.java:126)
	at com.thoughtworks.gauge.execution.parameters.parsers.base.ParameterParsingChain.createReflections(ParameterParsingChain.java:57)
	at com.thoughtworks.gauge.execution.parameters.parsers.base.ParameterParsingChain.<init>(ParameterParsingChain.java:43)
	at com.thoughtworks.gauge.connection.MessageDispatcher.initializeMessageProcessor(MessageDispatcher.java:109)
	at com.thoughtworks.gauge.connection.MessageDispatcher.<init>(MessageDispatcher.java:69)
	at com.thoughtworks.gauge.GaugeRuntime.dispatchMessages(GaugeRuntime.java:128)
	at com.thoughtworks.gauge.GaugeRuntime.lambda$connectSynchronously$2(GaugeRuntime.java:109)
	at java.lang.Thread.run(Thread.java:748)
Caused by: java.lang.ClassNotFoundException: kotlin.jvm.functions.Function1
	at java.net.URLClassLoader.findClass(URLClassLoader.java:387)
	at java.lang.ClassLoader.loadClass(ClassLoader.java:418)
	at sun.misc.Launcher$AppClassLoader.loadClass(Launcher.java:355)
	at java.lang.ClassLoader.loadClass(ClassLoader.java:351)
	at org.reflections.ReflectionUtils.forName(ReflectionUtils.java:388)
	... 9 more
2021-12-07 23:27:10 WARN  Reflections:396 - could not get type for name javax.servlet.ServletContextListener from any class loader
org.reflections.ReflectionsException: could not get type for name javax.servlet.ServletContextListener
	at org.reflections.ReflectionUtils.forName(ReflectionUtils.java:390)
	at org.reflections.Reflections.expandSuperTypes(Reflections.java:381)
	at org.reflections.Reflections.<init>(Reflections.java:126)
	at com.thoughtworks.gauge.execution.parameters.parsers.base.ParameterParsingChain.createReflections(ParameterParsingChain.java:57)
	at com.thoughtworks.gauge.execution.parameters.parsers.base.ParameterParsingChain.<init>(ParameterParsingChain.java:43)
	at com.thoughtworks.gauge.connection.MessageDispatcher.initializeMessageProcessor(MessageDispatcher.java:109)
	at com.thoughtworks.gauge.connection.MessageDispatcher.<init>(MessageDispatcher.java:69)
	at com.thoughtworks.gauge.GaugeRuntime.dispatchMessages(GaugeRuntime.java:128)
	at com.thoughtworks.gauge.GaugeRuntime.lambda$connectSynchronously$2(GaugeRuntime.java:109)
	at java.lang.Thread.run(Thread.java:748)
Caused by: java.lang.ClassNotFoundException: javax.servlet.ServletContextListener
	at java.net.URLClassLoader.findClass(URLClassLoader.java:387)
	at java.lang.ClassLoader.loadClass(ClassLoader.java:418)
	at sun.misc.Launcher$AppClassLoader.loadClass(Launcher.java:355)
	at java.lang.ClassLoader.loadClass(ClassLoader.java:351)
	at org.reflections.ReflectionUtils.forName(ReflectionUtils.java:388)
	... 9 more
2021-12-07 23:27:10 WARN  Reflections:396 - could not get type for name org.eclipse.swt.dnd.DragSourceListener from any class loader
org.reflections.ReflectionsException: could not get type for name org.eclipse.swt.dnd.DragSourceListener
	at org.reflections.ReflectionUtils.forName(ReflectionUtils.java:390)
	at org.reflections.Reflections.expandSuperTypes(Reflections.java:381)
	at org.reflections.Reflections.<init>(Reflections.java:126)
	at com.thoughtworks.gauge.execution.parameters.parsers.base.ParameterParsingChain.createReflections(ParameterParsingChain.java:57)
	at com.thoughtworks.gauge.execution.parameters.parsers.base.ParameterParsingChain.<init>(ParameterParsingChain.java:43)
	at com.thoughtworks.gauge.connection.MessageDispatcher.initializeMessageProcessor(MessageDispatcher.java:109)
	at com.thoughtworks.gauge.connection.MessageDispatcher.<init>(MessageDispatcher.java:69)
	at com.thoughtworks.gauge.GaugeRuntime.dispatchMessages(GaugeRuntime.java:128)
	at com.thoughtworks.gauge.GaugeRuntime.lambda$connectSynchronously$2(GaugeRuntime.java:109)
	at java.lang.Thread.run(Thread.java:748)
Caused by: java.lang.ClassNotFoundException: org.eclipse.swt.dnd.DragSourceListener
	at java.net.URLClassLoader.findClass(URLClassLoader.java:387)
	at java.lang.ClassLoader.loadClass(ClassLoader.java:418)
	at sun.misc.Launcher$AppClassLoader.loadClass(Launcher.java:355)
	at java.lang.ClassLoader.loadClass(ClassLoader.java:351)
	at org.reflections.ReflectionUtils.forName(ReflectionUtils.java:388)
	... 9 more
2021-12-07 23:27:10 WARN  Reflections:396 - could not get type for name org.apache.tools.ant.Task from any class loader
org.reflections.ReflectionsException: could not get type for name org.apache.tools.ant.Task
	at org.reflections.ReflectionUtils.forName(ReflectionUtils.java:390)
	at org.reflections.Reflections.expandSuperTypes(Reflections.java:381)
	at org.reflections.Reflections.<init>(Reflections.java:126)
	at com.thoughtworks.gauge.execution.parameters.parsers.base.ParameterParsingChain.createReflections(ParameterParsingChain.java:57)
	at com.thoughtworks.gauge.execution.parameters.parsers.base.ParameterParsingChain.<init>(ParameterParsingChain.java:43)
	at com.thoughtworks.gauge.connection.MessageDispatcher.initializeMessageProcessor(MessageDispatcher.java:109)
	at com.thoughtworks.gauge.connection.MessageDispatcher.<init>(MessageDispatcher.java:69)
	at com.thoughtworks.gauge.GaugeRuntime.dispatchMessages(GaugeRuntime.java:128)
	at com.thoughtworks.gauge.GaugeRuntime.lambda$connectSynchronously$2(GaugeRuntime.java:109)
	at java.lang.Thread.run(Thread.java:748)
Caused by: java.lang.ClassNotFoundException: org.apache.tools.ant.Task
	at java.net.URLClassLoader.findClass(URLClassLoader.java:387)
	at java.lang.ClassLoader.loadClass(ClassLoader.java:418)
	at sun.misc.Launcher$AppClassLoader.loadClass(Launcher.java:355)
	at java.lang.ClassLoader.loadClass(ClassLoader.java:351)
	at org.reflections.ReflectionUtils.forName(ReflectionUtils.java:388)
	... 9 more
2021-12-07 23:27:10 WARN  Reflections:396 - could not get type for name org.eclipse.swt.events.MouseListener from any class loader
org.reflections.ReflectionsException: could not get type for name org.eclipse.swt.events.MouseListener
	at org.reflections.ReflectionUtils.forName(ReflectionUtils.java:390)
	at org.reflections.Reflections.expandSuperTypes(Reflections.java:381)
	at org.reflections.Reflections.<init>(Reflections.java:126)
	at com.thoughtworks.gauge.execution.parameters.parsers.base.ParameterParsingChain.createReflections(ParameterParsingChain.java:57)
	at com.thoughtworks.gauge.execution.parameters.parsers.base.ParameterParsingChain.<init>(ParameterParsingChain.java:43)
	at com.thoughtworks.gauge.connection.MessageDispatcher.initializeMessageProcessor(MessageDispatcher.java:109)
	at com.thoughtworks.gauge.connection.MessageDispatcher.<init>(MessageDispatcher.java:69)
	at com.thoughtworks.gauge.GaugeRuntime.dispatchMessages(GaugeRuntime.java:128)
	at com.thoughtworks.gauge.GaugeRuntime.lambda$connectSynchronously$2(GaugeRuntime.java:109)
	at java.lang.Thread.run(Thread.java:748)
Caused by: java.lang.ClassNotFoundException: org.eclipse.swt.events.MouseListener
	at java.net.URLClassLoader.findClass(URLClassLoader.java:387)
	at java.lang.ClassLoader.loadClass(ClassLoader.java:418)
	at sun.misc.Launcher$AppClassLoader.loadClass(Launcher.java:355)
	at java.lang.ClassLoader.loadClass(ClassLoader.java:351)
	at org.reflections.ReflectionUtils.forName(ReflectionUtils.java:388)
	... 9 more
2021-12-07 23:27:10 WARN  Reflections:396 - could not get type for name org.eclipse.jetty.alpn.ALPN$ClientProvider from any class loader
org.reflections.ReflectionsException: could not get type for name org.eclipse.jetty.alpn.ALPN$ClientProvider
	at org.reflections.ReflectionUtils.forName(ReflectionUtils.java:390)
	at org.reflections.Reflections.expandSuperTypes(Reflections.java:381)
	at org.reflections.Reflections.<init>(Reflections.java:126)
	at com.thoughtworks.gauge.execution.parameters.parsers.base.ParameterParsingChain.createReflections(ParameterParsingChain.java:57)
	at com.thoughtworks.gauge.execution.parameters.parsers.base.ParameterParsingChain.<init>(ParameterParsingChain.java:43)
	at com.thoughtworks.gauge.connection.MessageDispatcher.initializeMessageProcessor(MessageDispatcher.java:109)
	at com.thoughtworks.gauge.connection.MessageDispatcher.<init>(MessageDispatcher.java:69)
	at com.thoughtworks.gauge.GaugeRuntime.dispatchMessages(GaugeRuntime.java:128)
	at com.thoughtworks.gauge.GaugeRuntime.lambda$connectSynchronously$2(GaugeRuntime.java:109)
	at java.lang.Thread.run(Thread.java:748)
Caused by: java.lang.ClassNotFoundException: org.eclipse.jetty.alpn.ALPN$ClientProvider
	at java.net.URLClassLoader.findClass(URLClassLoader.java:387)
	at java.lang.ClassLoader.loadClass(ClassLoader.java:418)
	at sun.misc.Launcher$AppClassLoader.loadClass(Launcher.java:355)
	at java.lang.ClassLoader.loadClass(ClassLoader.java:351)
	at org.reflections.ReflectionUtils.forName(ReflectionUtils.java:388)
	... 9 more
2021-12-07 23:27:10 WARN  Reflections:396 - could not get type for name org.junit.jupiter.api.extension.AfterTestExecutionCallback from any class loader
org.reflections.ReflectionsException: could not get type for name org.junit.jupiter.api.extension.AfterTestExecutionCallback
	at org.reflections.ReflectionUtils.forName(ReflectionUtils.java:390)
	at org.reflections.Reflections.expandSuperTypes(Reflections.java:381)
	at org.reflections.Reflections.<init>(Reflections.java:126)
	at com.thoughtworks.gauge.execution.parameters.parsers.base.ParameterParsingChain.createReflections(ParameterParsingChain.java:57)
	at com.thoughtworks.gauge.execution.parameters.parsers.base.ParameterParsingChain.<init>(ParameterParsingChain.java:43)
	at com.thoughtworks.gauge.connection.MessageDispatcher.initializeMessageProcessor(MessageDispatcher.java:109)
	at com.thoughtworks.gauge.connection.MessageDispatcher.<init>(MessageDispatcher.java:69)
	at com.thoughtworks.gauge.GaugeRuntime.dispatchMessages(GaugeRuntime.java:128)
	at com.thoughtworks.gauge.GaugeRuntime.lambda$connectSynchronously$2(GaugeRuntime.java:109)
	at java.lang.Thread.run(Thread.java:748)
Caused by: java.lang.ClassNotFoundException: org.junit.jupiter.api.extension.AfterTestExecutionCallback
	at java.net.URLClassLoader.findClass(URLClassLoader.java:387)
	at java.lang.ClassLoader.loadClass(ClassLoader.java:418)
	at sun.misc.Launcher$AppClassLoader.loadClass(Launcher.java:355)
	at java.lang.ClassLoader.loadClass(ClassLoader.java:351)
	at org.reflections.ReflectionUtils.forName(ReflectionUtils.java:388)
	... 9 more
2021-12-07 23:27:10 WARN  Reflections:396 - could not get type for name org.conscrypt.HandshakeListener from any class loader
org.reflections.ReflectionsException: could not get type for name org.conscrypt.HandshakeListener
	at org.reflections.ReflectionUtils.forName(ReflectionUtils.java:390)
	at org.reflections.Reflections.expandSuperTypes(Reflections.java:381)
	at org.reflections.Reflections.<init>(Reflections.java:126)
	at com.thoughtworks.gauge.execution.parameters.parsers.base.ParameterParsingChain.createReflections(ParameterParsingChain.java:57)
	at com.thoughtworks.gauge.execution.parameters.parsers.base.ParameterParsingChain.<init>(ParameterParsingChain.java:43)
	at com.thoughtworks.gauge.connection.MessageDispatcher.initializeMessageProcessor(MessageDispatcher.java:109)
	at com.thoughtworks.gauge.connection.MessageDispatcher.<init>(MessageDispatcher.java:69)
	at com.thoughtworks.gauge.GaugeRuntime.dispatchMessages(GaugeRuntime.java:128)
	at com.thoughtworks.gauge.GaugeRuntime.lambda$connectSynchronously$2(GaugeRuntime.java:109)
	at java.lang.Thread.run(Thread.java:748)
Caused by: java.lang.ClassNotFoundException: org.conscrypt.HandshakeListener
	at java.net.URLClassLoader.findClass(URLClassLoader.java:387)
	at java.lang.ClassLoader.loadClass(ClassLoader.java:418)
	at sun.misc.Launcher$AppClassLoader.loadClass(Launcher.java:355)
	at java.lang.ClassLoader.loadClass(ClassLoader.java:351)
	at org.reflections.ReflectionUtils.forName(ReflectionUtils.java:388)
	... 9 more
2021-12-07 23:27:10 WARN  Reflections:396 - could not get type for name org.eclipse.swt.events.MouseTrackListener from any class loader
org.reflections.ReflectionsException: could not get type for name org.eclipse.swt.events.MouseTrackListener
	at org.reflections.ReflectionUtils.forName(ReflectionUtils.java:390)
	at org.reflections.Reflections.expandSuperTypes(Reflections.java:381)
	at org.reflections.Reflections.<init>(Reflections.java:126)
	at com.thoughtworks.gauge.execution.parameters.parsers.base.ParameterParsingChain.createReflections(ParameterParsingChain.java:57)
	at com.thoughtworks.gauge.execution.parameters.parsers.base.ParameterParsingChain.<init>(ParameterParsingChain.java:43)
	at com.thoughtworks.gauge.connection.MessageDispatcher.initializeMessageProcessor(MessageDispatcher.java:109)
	at com.thoughtworks.gauge.connection.MessageDispatcher.<init>(MessageDispatcher.java:69)
	at com.thoughtworks.gauge.GaugeRuntime.dispatchMessages(GaugeRuntime.java:128)
	at com.thoughtworks.gauge.GaugeRuntime.lambda$connectSynchronously$2(GaugeRuntime.java:109)
	at java.lang.Thread.run(Thread.java:748)
Caused by: java.lang.ClassNotFoundException: org.eclipse.swt.events.MouseTrackListener
	at java.net.URLClassLoader.findClass(URLClassLoader.java:387)
	at java.lang.ClassLoader.loadClass(ClassLoader.java:418)
	at sun.misc.Launcher$AppClassLoader.loadClass(Launcher.java:355)
	at java.lang.ClassLoader.loadClass(ClassLoader.java:351)
	at org.reflections.ReflectionUtils.forName(ReflectionUtils.java:388)
	... 9 more
2021-12-07 23:27:10 WARN  Reflections:396 - could not get type for name org.eclipse.swt.dnd.ByteArrayTransfer from any class loader
org.reflections.ReflectionsException: could not get type for name org.eclipse.swt.dnd.ByteArrayTransfer
	at org.reflections.ReflectionUtils.forName(ReflectionUtils.java:390)
	at org.reflections.Reflections.expandSuperTypes(Reflections.java:381)
	at org.reflections.Reflections.<init>(Reflections.java:126)
	at com.thoughtworks.gauge.execution.parameters.parsers.base.ParameterParsingChain.createReflections(ParameterParsingChain.java:57)
	at com.thoughtworks.gauge.execution.parameters.parsers.base.ParameterParsingChain.<init>(ParameterParsingChain.java:43)
	at com.thoughtworks.gauge.connection.MessageDispatcher.initializeMessageProcessor(MessageDispatcher.java:109)
	at com.thoughtworks.gauge.connection.MessageDispatcher.<init>(MessageDispatcher.java:69)
	at com.thoughtworks.gauge.GaugeRuntime.dispatchMessages(GaugeRuntime.java:128)
	at com.thoughtworks.gauge.GaugeRuntime.lambda$connectSynchronously$2(GaugeRuntime.java:109)
	at java.lang.Thread.run(Thread.java:748)
Caused by: java.lang.ClassNotFoundException: org.eclipse.swt.dnd.ByteArrayTransfer
	at java.net.URLClassLoader.findClass(URLClassLoader.java:387)
	at java.lang.ClassLoader.loadClass(ClassLoader.java:418)
	at sun.misc.Launcher$AppClassLoader.loadClass(Launcher.java:355)
	at java.lang.ClassLoader.loadClass(ClassLoader.java:351)
	at org.reflections.ReflectionUtils.forName(ReflectionUtils.java:388)
	... 9 more
2021-12-07 23:27:10 WARN  Reflections:396 - could not get type for name org.jboss.marshalling.ByteOutput from any class loader
org.reflections.ReflectionsException: could not get type for name org.jboss.marshalling.ByteOutput
	at org.reflections.ReflectionUtils.forName(ReflectionUtils.java:390)
	at org.reflections.Reflections.expandSuperTypes(Reflections.java:381)
	at org.reflections.Reflections.<init>(Reflections.java:126)
	at com.thoughtworks.gauge.execution.parameters.parsers.base.ParameterParsingChain.createReflections(ParameterParsingChain.java:57)
	at com.thoughtworks.gauge.execution.parameters.parsers.base.ParameterParsingChain.<init>(ParameterParsingChain.java:43)
	at com.thoughtworks.gauge.connection.MessageDispatcher.initializeMessageProcessor(MessageDispatcher.java:109)
	at com.thoughtworks.gauge.connection.MessageDispatcher.<init>(MessageDispatcher.java:69)
	at com.thoughtworks.gauge.GaugeRuntime.dispatchMessages(GaugeRuntime.java:128)
	at com.thoughtworks.gauge.GaugeRuntime.lambda$connectSynchronously$2(GaugeRuntime.java:109)
	at java.lang.Thread.run(Thread.java:748)
Caused by: java.lang.ClassNotFoundException: org.jboss.marshalling.ByteOutput
	at java.net.URLClassLoader.findClass(URLClassLoader.java:387)
	at java.lang.ClassLoader.loadClass(ClassLoader.java:418)
	at sun.misc.Launcher$AppClassLoader.loadClass(Launcher.java:355)
	at java.lang.ClassLoader.loadClass(ClassLoader.java:351)
	at org.reflections.ReflectionUtils.forName(ReflectionUtils.java:388)
	... 9 more
2021-12-07 23:27:10 WARN  Reflections:396 - could not get type for name com.bea.jvm.ClassPreProcessor from any class loader
org.reflections.ReflectionsException: could not get type for name com.bea.jvm.ClassPreProcessor
	at org.reflections.ReflectionUtils.forName(ReflectionUtils.java:390)
	at org.reflections.Reflections.expandSuperTypes(Reflections.java:381)
	at org.reflections.Reflections.<init>(Reflections.java:126)
	at com.thoughtworks.gauge.execution.parameters.parsers.base.ParameterParsingChain.createReflections(ParameterParsingChain.java:57)
	at com.thoughtworks.gauge.execution.parameters.parsers.base.ParameterParsingChain.<init>(ParameterParsingChain.java:43)
	at com.thoughtworks.gauge.connection.MessageDispatcher.initializeMessageProcessor(MessageDispatcher.java:109)
	at com.thoughtworks.gauge.connection.MessageDispatcher.<init>(MessageDispatcher.java:69)
	at com.thoughtworks.gauge.GaugeRuntime.dispatchMessages(GaugeRuntime.java:128)
	at com.thoughtworks.gauge.GaugeRuntime.lambda$connectSynchronously$2(GaugeRuntime.java:109)
	at java.lang.Thread.run(Thread.java:748)
Caused by: java.lang.ClassNotFoundException: com.bea.jvm.ClassPreProcessor
	at java.net.URLClassLoader.findClass(URLClassLoader.java:387)
	at java.lang.ClassLoader.loadClass(ClassLoader.java:418)
	at sun.misc.Launcher$AppClassLoader.loadClass(Launcher.java:355)
	at java.lang.ClassLoader.loadClass(ClassLoader.java:351)
	at org.reflections.ReflectionUtils.forName(ReflectionUtils.java:388)
	... 9 more
2021-12-07 23:27:10 WARN  Reflections:396 - could not get type for name org.eclipse.swt.dnd.DropTargetListener from any class loader
org.reflections.ReflectionsException: could not get type for name org.eclipse.swt.dnd.DropTargetListener
	at org.reflections.ReflectionUtils.forName(ReflectionUtils.java:390)
	at org.reflections.Reflections.expandSuperTypes(Reflections.java:381)
	at org.reflections.Reflections.<init>(Reflections.java:126)
	at com.thoughtworks.gauge.execution.parameters.parsers.base.ParameterParsingChain.createReflections(ParameterParsingChain.java:57)
	at com.thoughtworks.gauge.execution.parameters.parsers.base.ParameterParsingChain.<init>(ParameterParsingChain.java:43)
	at com.thoughtworks.gauge.connection.MessageDispatcher.initializeMessageProcessor(MessageDispatcher.java:109)
	at com.thoughtworks.gauge.connection.MessageDispatcher.<init>(MessageDispatcher.java:69)
	at com.thoughtworks.gauge.GaugeRuntime.dispatchMessages(GaugeRuntime.java:128)
	at com.thoughtworks.gauge.GaugeRuntime.lambda$connectSynchronously$2(GaugeRuntime.java:109)
	at java.lang.Thread.run(Thread.java:748)
Caused by: java.lang.ClassNotFoundException: org.eclipse.swt.dnd.DropTargetListener
	at java.net.URLClassLoader.findClass(URLClassLoader.java:387)
	at java.lang.ClassLoader.loadClass(ClassLoader.java:418)
	at sun.misc.Launcher$AppClassLoader.loadClass(Launcher.java:355)
	at java.lang.ClassLoader.loadClass(ClassLoader.java:351)
	at org.reflections.ReflectionUtils.forName(ReflectionUtils.java:388)
	... 9 more
2021-12-07 23:27:10 WARN  Reflections:396 - could not get type for name org.conscrypt.AllocatedBuffer from any class loader
org.reflections.ReflectionsException: could not get type for name org.conscrypt.AllocatedBuffer
	at org.reflections.ReflectionUtils.forName(ReflectionUtils.java:390)
	at org.reflections.Reflections.expandSuperTypes(Reflections.java:381)
	at org.reflections.Reflections.<init>(Reflections.java:126)
	at com.thoughtworks.gauge.execution.parameters.parsers.base.ParameterParsingChain.createReflections(ParameterParsingChain.java:57)
	at com.thoughtworks.gauge.execution.parameters.parsers.base.ParameterParsingChain.<init>(ParameterParsingChain.java:43)
	at com.thoughtworks.gauge.connection.MessageDispatcher.initializeMessageProcessor(MessageDispatcher.java:109)
	at com.thoughtworks.gauge.connection.MessageDispatcher.<init>(MessageDispatcher.java:69)
	at com.thoughtworks.gauge.GaugeRuntime.dispatchMessages(GaugeRuntime.java:128)
	at com.thoughtworks.gauge.GaugeRuntime.lambda$connectSynchronously$2(GaugeRuntime.java:109)
	at java.lang.Thread.run(Thread.java:748)
Caused by: java.lang.ClassNotFoundException: org.conscrypt.AllocatedBuffer
	at java.net.URLClassLoader.findClass(URLClassLoader.java:387)
	at java.lang.ClassLoader.loadClass(ClassLoader.java:418)
	at sun.misc.Launcher$AppClassLoader.loadClass(Launcher.java:355)
	at java.lang.ClassLoader.loadClass(ClassLoader.java:351)
	at org.reflections.ReflectionUtils.forName(ReflectionUtils.java:388)
	... 9 more
2021-12-07 23:27:10 WARN  Reflections:396 - could not get type for name groovy.lang.Binding from any class loader
org.reflections.ReflectionsException: could not get type for name groovy.lang.Binding
	at org.reflections.ReflectionUtils.forName(ReflectionUtils.java:390)
	at org.reflections.Reflections.expandSuperTypes(Reflections.java:381)
	at org.reflections.Reflections.<init>(Reflections.java:126)
	at com.thoughtworks.gauge.execution.parameters.parsers.base.ParameterParsingChain.createReflections(ParameterParsingChain.java:57)
	at com.thoughtworks.gauge.execution.parameters.parsers.base.ParameterParsingChain.<init>(ParameterParsingChain.java:43)
	at com.thoughtworks.gauge.connection.MessageDispatcher.initializeMessageProcessor(MessageDispatcher.java:109)
	at com.thoughtworks.gauge.connection.MessageDispatcher.<init>(MessageDispatcher.java:69)
	at com.thoughtworks.gauge.GaugeRuntime.dispatchMessages(GaugeRuntime.java:128)
	at com.thoughtworks.gauge.GaugeRuntime.lambda$connectSynchronously$2(GaugeRuntime.java:109)
	at java.lang.Thread.run(Thread.java:748)
Caused by: java.lang.ClassNotFoundException: groovy.lang.Binding
	at java.net.URLClassLoader.findClass(URLClassLoader.java:387)
	at java.lang.ClassLoader.loadClass(ClassLoader.java:418)
	at sun.misc.Launcher$AppClassLoader.loadClass(Launcher.java:355)
	at java.lang.ClassLoader.loadClass(ClassLoader.java:351)
	at org.reflections.ReflectionUtils.forName(ReflectionUtils.java:388)
	... 9 more
2021-12-07 23:27:10 WARN  Reflections:396 - could not get type for name reactor.core.publisher.BaseSubscriber from any class loader
org.reflections.ReflectionsException: could not get type for name reactor.core.publisher.BaseSubscriber
	at org.reflections.ReflectionUtils.forName(ReflectionUtils.java:390)
	at org.reflections.Reflections.expandSuperTypes(Reflections.java:381)
	at org.reflections.Reflections.<init>(Reflections.java:126)
	at com.thoughtworks.gauge.execution.parameters.parsers.base.ParameterParsingChain.createReflections(ParameterParsingChain.java:57)
	at com.thoughtworks.gauge.execution.parameters.parsers.base.ParameterParsingChain.<init>(ParameterParsingChain.java:43)
	at com.thoughtworks.gauge.connection.MessageDispatcher.initializeMessageProcessor(MessageDispatcher.java:109)
	at com.thoughtworks.gauge.connection.MessageDispatcher.<init>(MessageDispatcher.java:69)
	at com.thoughtworks.gauge.GaugeRuntime.dispatchMessages(GaugeRuntime.java:128)
	at com.thoughtworks.gauge.GaugeRuntime.lambda$connectSynchronously$2(GaugeRuntime.java:109)
	at java.lang.Thread.run(Thread.java:748)
Caused by: java.lang.ClassNotFoundException: reactor.core.publisher.BaseSubscriber
	at java.net.URLClassLoader.findClass(URLClassLoader.java:387)
	at java.lang.ClassLoader.loadClass(ClassLoader.java:418)
	at sun.misc.Launcher$AppClassLoader.loadClass(Launcher.java:355)
	at java.lang.ClassLoader.loadClass(ClassLoader.java:351)
	at org.reflections.ReflectionUtils.forName(ReflectionUtils.java:388)
	... 9 more
2021-12-07 23:27:10 WARN  Reflections:396 - could not get type for name org.apache.commons.pool2.PooledObjectFactory from any class loader
org.reflections.ReflectionsException: could not get type for name org.apache.commons.pool2.PooledObjectFactory
	at org.reflections.ReflectionUtils.forName(ReflectionUtils.java:390)
	at org.reflections.Reflections.expandSuperTypes(Reflections.java:381)
	at org.reflections.Reflections.<init>(Reflections.java:126)
	at com.thoughtworks.gauge.execution.parameters.parsers.base.ParameterParsingChain.createReflections(ParameterParsingChain.java:57)
	at com.thoughtworks.gauge.execution.parameters.parsers.base.ParameterParsingChain.<init>(ParameterParsingChain.java:43)
	at com.thoughtworks.gauge.connection.MessageDispatcher.initializeMessageProcessor(MessageDispatcher.java:109)
	at com.thoughtworks.gauge.connection.MessageDispatcher.<init>(MessageDispatcher.java:69)
	at com.thoughtworks.gauge.GaugeRuntime.dispatchMessages(GaugeRuntime.java:128)
	at com.thoughtworks.gauge.GaugeRuntime.lambda$connectSynchronously$2(GaugeRuntime.java:109)
	at java.lang.Thread.run(Thread.java:748)
Caused by: java.lang.ClassNotFoundException: org.apache.commons.pool2.PooledObjectFactory
	at java.net.URLClassLoader.findClass(URLClassLoader.java:387)
	at java.lang.ClassLoader.loadClass(ClassLoader.java:418)
	at sun.misc.Launcher$AppClassLoader.loadClass(Launcher.java:355)
	at java.lang.ClassLoader.loadClass(ClassLoader.java:351)
	at org.reflections.ReflectionUtils.forName(ReflectionUtils.java:388)
	... 9 more
2021-12-07 23:27:10 WARN  Reflections:396 - could not get type for name org.junit.jupiter.api.extension.ParameterResolver from any class loader
org.reflections.ReflectionsException: could not get type for name org.junit.jupiter.api.extension.ParameterResolver
	at org.reflections.ReflectionUtils.forName(ReflectionUtils.java:390)
	at org.reflections.Reflections.expandSuperTypes(Reflections.java:381)
	at org.reflections.Reflections.<init>(Reflections.java:126)
	at com.thoughtworks.gauge.execution.parameters.parsers.base.ParameterParsingChain.createReflections(ParameterParsingChain.java:57)
	at com.thoughtworks.gauge.execution.parameters.parsers.base.ParameterParsingChain.<init>(ParameterParsingChain.java:43)
	at com.thoughtworks.gauge.connection.MessageDispatcher.initializeMessageProcessor(MessageDispatcher.java:109)
	at com.thoughtworks.gauge.connection.MessageDispatcher.<init>(MessageDispatcher.java:69)
	at com.thoughtworks.gauge.GaugeRuntime.dispatchMessages(GaugeRuntime.java:128)
	at com.thoughtworks.gauge.GaugeRuntime.lambda$connectSynchronously$2(GaugeRuntime.java:109)
	at java.lang.Thread.run(Thread.java:748)
Caused by: java.lang.ClassNotFoundException: org.junit.jupiter.api.extension.ParameterResolver
	at java.net.URLClassLoader.findClass(URLClassLoader.java:387)
	at java.lang.ClassLoader.loadClass(ClassLoader.java:418)
	at sun.misc.Launcher$AppClassLoader.loadClass(Launcher.java:355)
	at java.lang.ClassLoader.loadClass(ClassLoader.java:351)
	at org.reflections.ReflectionUtils.forName(ReflectionUtils.java:388)
	... 9 more
2021-12-07 23:27:10 WARN  Reflections:396 - could not get type for name org.jboss.marshalling.ByteInput from any class loader
org.reflections.ReflectionsException: could not get type for name org.jboss.marshalling.ByteInput
	at org.reflections.ReflectionUtils.forName(ReflectionUtils.java:390)
	at org.reflections.Reflections.expandSuperTypes(Reflections.java:381)
	at org.reflections.Reflections.<init>(Reflections.java:126)
	at com.thoughtworks.gauge.execution.parameters.parsers.base.ParameterParsingChain.createReflections(ParameterParsingChain.java:57)
	at com.thoughtworks.gauge.execution.parameters.parsers.base.ParameterParsingChain.<init>(ParameterParsingChain.java:43)
	at com.thoughtworks.gauge.connection.MessageDispatcher.initializeMessageProcessor(MessageDispatcher.java:109)
	at com.thoughtworks.gauge.connection.MessageDispatcher.<init>(MessageDispatcher.java:69)
	at com.thoughtworks.gauge.GaugeRuntime.dispatchMessages(GaugeRuntime.java:128)
	at com.thoughtworks.gauge.GaugeRuntime.lambda$connectSynchronously$2(GaugeRuntime.java:109)
	at java.lang.Thread.run(Thread.java:748)
Caused by: java.lang.ClassNotFoundException: org.jboss.marshalling.ByteInput
	at java.net.URLClassLoader.findClass(URLClassLoader.java:387)
	at java.lang.ClassLoader.loadClass(ClassLoader.java:418)
	at sun.misc.Launcher$AppClassLoader.loadClass(Launcher.java:355)
	at java.lang.ClassLoader.loadClass(ClassLoader.java:351)
	at org.reflections.ReflectionUtils.forName(ReflectionUtils.java:388)
	... 9 more
2021-12-07 23:27:10 WARN  Reflections:396 - could not get type for name org.hibernate.validator.spi.resourceloading.ResourceBundleLocator from any class loader
org.reflections.ReflectionsException: could not get type for name org.hibernate.validator.spi.resourceloading.ResourceBundleLocator
	at org.reflections.ReflectionUtils.forName(ReflectionUtils.java:390)
	at org.reflections.Reflections.expandSuperTypes(Reflections.java:381)
	at org.reflections.Reflections.<init>(Reflections.java:126)
	at com.thoughtworks.gauge.execution.parameters.parsers.base.ParameterParsingChain.createReflections(ParameterParsingChain.java:57)
	at com.thoughtworks.gauge.execution.parameters.parsers.base.ParameterParsingChain.<init>(ParameterParsingChain.java:43)
	at com.thoughtworks.gauge.connection.MessageDispatcher.initializeMessageProcessor(MessageDispatcher.java:109)
	at com.thoughtworks.gauge.connection.MessageDispatcher.<init>(MessageDispatcher.java:69)
	at com.thoughtworks.gauge.GaugeRuntime.dispatchMessages(GaugeRuntime.java:128)
	at com.thoughtworks.gauge.GaugeRuntime.lambda$connectSynchronously$2(GaugeRuntime.java:109)
	at java.lang.Thread.run(Thread.java:748)
Caused by: java.lang.ClassNotFoundException: org.hibernate.validator.spi.resourceloading.ResourceBundleLocator
	at java.net.URLClassLoader.findClass(URLClassLoader.java:387)
	at java.lang.ClassLoader.loadClass(ClassLoader.java:418)
	at sun.misc.Launcher$AppClassLoader.loadClass(Launcher.java:355)
	at java.lang.ClassLoader.loadClass(ClassLoader.java:351)
	at org.reflections.ReflectionUtils.forName(ReflectionUtils.java:388)
	... 9 more
2021-12-07 23:27:10 WARN  Reflections:396 - could not get type for name org.eclipse.swt.events.KeyListener from any class loader
org.reflections.ReflectionsException: could not get type for name org.eclipse.swt.events.KeyListener
	at org.reflections.ReflectionUtils.forName(ReflectionUtils.java:390)
	at org.reflections.Reflections.expandSuperTypes(Reflections.java:381)
	at org.reflections.Reflections.<init>(Reflections.java:126)
	at com.thoughtworks.gauge.execution.parameters.parsers.base.ParameterParsingChain.createReflections(ParameterParsingChain.java:57)
	at com.thoughtworks.gauge.execution.parameters.parsers.base.ParameterParsingChain.<init>(ParameterParsingChain.java:43)
	at com.thoughtworks.gauge.connection.MessageDispatcher.initializeMessageProcessor(MessageDispatcher.java:109)
	at com.thoughtworks.gauge.connection.MessageDispatcher.<init>(MessageDispatcher.java:69)
	at com.thoughtworks.gauge.GaugeRuntime.dispatchMessages(GaugeRuntime.java:128)
	at com.thoughtworks.gauge.GaugeRuntime.lambda$connectSynchronously$2(GaugeRuntime.java:109)
	at java.lang.Thread.run(Thread.java:748)
Caused by: java.lang.ClassNotFoundException: org.eclipse.swt.events.KeyListener
	at java.net.URLClassLoader.findClass(URLClassLoader.java:387)
	at java.lang.ClassLoader.loadClass(ClassLoader.java:418)
	at sun.misc.Launcher$AppClassLoader.loadClass(Launcher.java:355)
	at java.lang.ClassLoader.loadClass(ClassLoader.java:351)
	at org.reflections.ReflectionUtils.forName(ReflectionUtils.java:388)
	... 9 more
2021-12-07 23:27:10 WARN  Reflections:396 - could not get type for name javax.enterprise.concurrent.Trigger from any class loader
org.reflections.ReflectionsException: could not get type for name javax.enterprise.concurrent.Trigger
	at org.reflections.ReflectionUtils.forName(ReflectionUtils.java:390)
	at org.reflections.Reflections.expandSuperTypes(Reflections.java:381)
	at org.reflections.Reflections.<init>(Reflections.java:126)
	at com.thoughtworks.gauge.execution.parameters.parsers.base.ParameterParsingChain.createReflections(ParameterParsingChain.java:57)
	at com.thoughtworks.gauge.execution.parameters.parsers.base.ParameterParsingChain.<init>(ParameterParsingChain.java:43)
	at com.thoughtworks.gauge.connection.MessageDispatcher.initializeMessageProcessor(MessageDispatcher.java:109)
	at com.thoughtworks.gauge.connection.MessageDispatcher.<init>(MessageDispatcher.java:69)
	at com.thoughtworks.gauge.GaugeRuntime.dispatchMessages(GaugeRuntime.java:128)
	at com.thoughtworks.gauge.GaugeRuntime.lambda$connectSynchronously$2(GaugeRuntime.java:109)
	at java.lang.Thread.run(Thread.java:748)
Caused by: java.lang.ClassNotFoundException: javax.enterprise.concurrent.Trigger
	at java.net.URLClassLoader.findClass(URLClassLoader.java:387)
	at java.lang.ClassLoader.loadClass(ClassLoader.java:418)
	at sun.misc.Launcher$AppClassLoader.loadClass(Launcher.java:355)
	at java.lang.ClassLoader.loadClass(ClassLoader.java:351)
	at org.reflections.ReflectionUtils.forName(ReflectionUtils.java:388)
	... 9 more
2021-12-07 23:27:10 WARN  Reflections:396 - could not get type for name kotlin.jvm.internal.Lambda from any class loader
org.reflections.ReflectionsException: could not get type for name kotlin.jvm.internal.Lambda
	at org.reflections.ReflectionUtils.forName(ReflectionUtils.java:390)
	at org.reflections.Reflections.expandSuperTypes(Reflections.java:381)
	at org.reflections.Reflections.<init>(Reflections.java:126)
	at com.thoughtworks.gauge.execution.parameters.parsers.base.ParameterParsingChain.createReflections(ParameterParsingChain.java:57)
	at com.thoughtworks.gauge.execution.parameters.parsers.base.ParameterParsingChain.<init>(ParameterParsingChain.java:43)
	at com.thoughtworks.gauge.connection.MessageDispatcher.initializeMessageProcessor(MessageDispatcher.java:109)
	at com.thoughtworks.gauge.connection.MessageDispatcher.<init>(MessageDispatcher.java:69)
	at com.thoughtworks.gauge.GaugeRuntime.dispatchMessages(GaugeRuntime.java:128)
	at com.thoughtworks.gauge.GaugeRuntime.lambda$connectSynchronously$2(GaugeRuntime.java:109)
	at java.lang.Thread.run(Thread.java:748)
Caused by: java.lang.ClassNotFoundException: kotlin.jvm.internal.Lambda
	at java.net.URLClassLoader.findClass(URLClassLoader.java:387)
	at java.lang.ClassLoader.loadClass(ClassLoader.java:418)
	at sun.misc.Launcher$AppClassLoader.loadClass(Launcher.java:355)
	at java.lang.ClassLoader.loadClass(ClassLoader.java:351)
	at org.reflections.ReflectionUtils.forName(ReflectionUtils.java:388)
	... 9 more
2021-12-07 23:27:10 WARN  Reflections:396 - could not get type for name org.eclipse.jetty.alpn.ALPN$ServerProvider from any class loader
org.reflections.ReflectionsException: could not get type for name org.eclipse.jetty.alpn.ALPN$ServerProvider
	at org.reflections.ReflectionUtils.forName(ReflectionUtils.java:390)
	at org.reflections.Reflections.expandSuperTypes(Reflections.java:381)
	at org.reflections.Reflections.<init>(Reflections.java:126)
	at com.thoughtworks.gauge.execution.parameters.parsers.base.ParameterParsingChain.createReflections(ParameterParsingChain.java:57)
	at com.thoughtworks.gauge.execution.parameters.parsers.base.ParameterParsingChain.<init>(ParameterParsingChain.java:43)
	at com.thoughtworks.gauge.connection.MessageDispatcher.initializeMessageProcessor(MessageDispatcher.java:109)
	at com.thoughtworks.gauge.connection.MessageDispatcher.<init>(MessageDispatcher.java:69)
	at com.thoughtworks.gauge.GaugeRuntime.dispatchMessages(GaugeRuntime.java:128)
	at com.thoughtworks.gauge.GaugeRuntime.lambda$connectSynchronously$2(GaugeRuntime.java:109)
	at java.lang.Thread.run(Thread.java:748)
Caused by: java.lang.ClassNotFoundException: org.eclipse.jetty.alpn.ALPN$ServerProvider
	at java.net.URLClassLoader.findClass(URLClassLoader.java:387)
	at java.lang.ClassLoader.loadClass(ClassLoader.java:418)
	at sun.misc.Launcher$AppClassLoader.loadClass(Launcher.java:355)
	at java.lang.ClassLoader.loadClass(ClassLoader.java:351)
	at org.reflections.ReflectionUtils.forName(ReflectionUtils.java:388)
	... 9 more
2021-12-07 23:27:10 WARN  Reflections:396 - could not get type for name org.eclipse.swt.events.FocusListener from any class loader
org.reflections.ReflectionsException: could not get type for name org.eclipse.swt.events.FocusListener
	at org.reflections.ReflectionUtils.forName(ReflectionUtils.java:390)
	at org.reflections.Reflections.expandSuperTypes(Reflections.java:381)
	at org.reflections.Reflections.<init>(Reflections.java:126)
	at com.thoughtworks.gauge.execution.parameters.parsers.base.ParameterParsingChain.createReflections(ParameterParsingChain.java:57)
	at com.thoughtworks.gauge.execution.parameters.parsers.base.ParameterParsingChain.<init>(ParameterParsingChain.java:43)
	at com.thoughtworks.gauge.connection.MessageDispatcher.initializeMessageProcessor(MessageDispatcher.java:109)
	at com.thoughtworks.gauge.connection.MessageDispatcher.<init>(MessageDispatcher.java:69)
	at com.thoughtworks.gauge.GaugeRuntime.dispatchMessages(GaugeRuntime.java:128)
	at com.thoughtworks.gauge.GaugeRuntime.lambda$connectSynchronously$2(GaugeRuntime.java:109)
	at java.lang.Thread.run(Thread.java:748)
Caused by: java.lang.ClassNotFoundException: org.eclipse.swt.events.FocusListener
	at java.net.URLClassLoader.findClass(URLClassLoader.java:387)
	at java.lang.ClassLoader.loadClass(ClassLoader.java:418)
	at sun.misc.Launcher$AppClassLoader.loadClass(Launcher.java:355)
	at java.lang.ClassLoader.loadClass(ClassLoader.java:351)
	at org.reflections.ReflectionUtils.forName(ReflectionUtils.java:388)
	... 9 more
2021-12-07 23:27:10 WARN  Reflections:396 - could not get type for name groovy.lang.GroovyObjectSupport from any class loader
org.reflections.ReflectionsException: could not get type for name groovy.lang.GroovyObjectSupport
	at org.reflections.ReflectionUtils.forName(ReflectionUtils.java:390)
	at org.reflections.Reflections.expandSuperTypes(Reflections.java:381)
	at org.reflections.Reflections.<init>(Reflections.java:126)
	at com.thoughtworks.gauge.execution.parameters.parsers.base.ParameterParsingChain.createReflections(ParameterParsingChain.java:57)
	at com.thoughtworks.gauge.execution.parameters.parsers.base.ParameterParsingChain.<init>(ParameterParsingChain.java:43)
	at com.thoughtworks.gauge.connection.MessageDispatcher.initializeMessageProcessor(MessageDispatcher.java:109)
	at com.thoughtworks.gauge.connection.MessageDispatcher.<init>(MessageDispatcher.java:69)
	at com.thoughtworks.gauge.GaugeRuntime.dispatchMessages(GaugeRuntime.java:128)
	at com.thoughtworks.gauge.GaugeRuntime.lambda$connectSynchronously$2(GaugeRuntime.java:109)
	at java.lang.Thread.run(Thread.java:748)
Caused by: java.lang.ClassNotFoundException: groovy.lang.GroovyObjectSupport
	at java.net.URLClassLoader.findClass(URLClassLoader.java:387)
	at java.lang.ClassLoader.loadClass(ClassLoader.java:418)
	at sun.misc.Launcher$AppClassLoader.loadClass(Launcher.java:355)
	at java.lang.ClassLoader.loadClass(ClassLoader.java:351)
	at org.reflections.ReflectionUtils.forName(ReflectionUtils.java:388)
	... 9 more
2021-12-07 23:27:10 WARN  Reflections:396 - could not get type for name org.eclipse.jetty.npn.NextProtoNego$ServerProvider from any class loader
org.reflections.ReflectionsException: could not get type for name org.eclipse.jetty.npn.NextProtoNego$ServerProvider
	at org.reflections.ReflectionUtils.forName(ReflectionUtils.java:390)
	at org.reflections.Reflections.expandSuperTypes(Reflections.java:381)
	at org.reflections.Reflections.<init>(Reflections.java:126)
	at com.thoughtworks.gauge.execution.parameters.parsers.base.ParameterParsingChain.createReflections(ParameterParsingChain.java:57)
	at com.thoughtworks.gauge.execution.parameters.parsers.base.ParameterParsingChain.<init>(ParameterParsingChain.java:43)
	at com.thoughtworks.gauge.connection.MessageDispatcher.initializeMessageProcessor(MessageDispatcher.java:109)
	at com.thoughtworks.gauge.connection.MessageDispatcher.<init>(MessageDispatcher.java:69)
	at com.thoughtworks.gauge.GaugeRuntime.dispatchMessages(GaugeRuntime.java:128)
	at com.thoughtworks.gauge.GaugeRuntime.lambda$connectSynchronously$2(GaugeRuntime.java:109)
	at java.lang.Thread.run(Thread.java:748)
Caused by: java.lang.ClassNotFoundException: org.eclipse.jetty.npn.NextProtoNego$ServerProvider
	at java.net.URLClassLoader.findClass(URLClassLoader.java:387)
	at java.lang.ClassLoader.loadClass(ClassLoader.java:418)
	at sun.misc.Launcher$AppClassLoader.loadClass(Launcher.java:355)
	at java.lang.ClassLoader.loadClass(ClassLoader.java:351)
	at org.reflections.ReflectionUtils.forName(ReflectionUtils.java:388)
	... 9 more
2021-12-07 23:27:10 WARN  Reflections:396 - could not get type for name javax.jms.MessageListener from any class loader
org.reflections.ReflectionsException: could not get type for name javax.jms.MessageListener
	at org.reflections.ReflectionUtils.forName(ReflectionUtils.java:390)
	at org.reflections.Reflections.expandSuperTypes(Reflections.java:381)
	at org.reflections.Reflections.<init>(Reflections.java:126)
	at com.thoughtworks.gauge.execution.parameters.parsers.base.ParameterParsingChain.createReflections(ParameterParsingChain.java:57)
	at com.thoughtworks.gauge.execution.parameters.parsers.base.ParameterParsingChain.<init>(ParameterParsingChain.java:43)
	at com.thoughtworks.gauge.connection.MessageDispatcher.initializeMessageProcessor(MessageDispatcher.java:109)
	at com.thoughtworks.gauge.connection.MessageDispatcher.<init>(MessageDispatcher.java:69)
	at com.thoughtworks.gauge.GaugeRuntime.dispatchMessages(GaugeRuntime.java:128)
	at com.thoughtworks.gauge.GaugeRuntime.lambda$connectSynchronously$2(GaugeRuntime.java:109)
	at java.lang.Thread.run(Thread.java:748)
Caused by: java.lang.ClassNotFoundException: javax.jms.MessageListener
	at java.net.URLClassLoader.findClass(URLClassLoader.java:387)
	at java.lang.ClassLoader.loadClass(ClassLoader.java:418)
	at sun.misc.Launcher$AppClassLoader.loadClass(Launcher.java:355)
	at java.lang.ClassLoader.loadClass(ClassLoader.java:351)
	at org.reflections.ReflectionUtils.forName(ReflectionUtils.java:388)
	... 9 more
2021-12-07 23:27:10 WARN  Reflections:396 - could not get type for name org.apache.logging.log4j.spi.ExtendedLoggerWrapper from any class loader
org.reflections.ReflectionsException: could not get type for name org.apache.logging.log4j.spi.ExtendedLoggerWrapper
	at org.reflections.ReflectionUtils.forName(ReflectionUtils.java:390)
	at org.reflections.Reflections.expandSuperTypes(Reflections.java:381)
	at org.reflections.Reflections.<init>(Reflections.java:126)
	at com.thoughtworks.gauge.execution.parameters.parsers.base.ParameterParsingChain.createReflections(ParameterParsingChain.java:57)
	at com.thoughtworks.gauge.execution.parameters.parsers.base.ParameterParsingChain.<init>(ParameterParsingChain.java:43)
	at com.thoughtworks.gauge.connection.MessageDispatcher.initializeMessageProcessor(MessageDispatcher.java:109)
	at com.thoughtworks.gauge.connection.MessageDispatcher.<init>(MessageDispatcher.java:69)
	at com.thoughtworks.gauge.GaugeRuntime.dispatchMessages(GaugeRuntime.java:128)
	at com.thoughtworks.gauge.GaugeRuntime.lambda$connectSynchronously$2(GaugeRuntime.java:109)
	at java.lang.Thread.run(Thread.java:748)
Caused by: java.lang.ClassNotFoundException: org.apache.logging.log4j.spi.ExtendedLoggerWrapper
	at java.net.URLClassLoader.findClass(URLClassLoader.java:387)
	at java.lang.ClassLoader.loadClass(ClassLoader.java:418)
	at sun.misc.Launcher$AppClassLoader.loadClass(Launcher.java:355)
	at java.lang.ClassLoader.loadClass(ClassLoader.java:351)
	at org.reflections.ReflectionUtils.forName(ReflectionUtils.java:388)
	... 9 more
2021-12-07 23:27:10 WARN  Reflections:396 - could not get type for name javax.inject.Provider from any class loader
org.reflections.ReflectionsException: could not get type for name javax.inject.Provider
	at org.reflections.ReflectionUtils.forName(ReflectionUtils.java:390)
	at org.reflections.Reflections.expandSuperTypes(Reflections.java:381)
	at org.reflections.Reflections.<init>(Reflections.java:126)
	at com.thoughtworks.gauge.execution.parameters.parsers.base.ParameterParsingChain.createReflections(ParameterParsingChain.java:57)
	at com.thoughtworks.gauge.execution.parameters.parsers.base.ParameterParsingChain.<init>(ParameterParsingChain.java:43)
	at com.thoughtworks.gauge.connection.MessageDispatcher.initializeMessageProcessor(MessageDispatcher.java:109)
	at com.thoughtworks.gauge.connection.MessageDispatcher.<init>(MessageDispatcher.java:69)
	at com.thoughtworks.gauge.GaugeRuntime.dispatchMessages(GaugeRuntime.java:128)
	at com.thoughtworks.gauge.GaugeRuntime.lambda$connectSynchronously$2(GaugeRuntime.java:109)
	at java.lang.Thread.run(Thread.java:748)
Caused by: java.lang.ClassNotFoundException: javax.inject.Provider
	at java.net.URLClassLoader.findClass(URLClassLoader.java:387)
	at java.lang.ClassLoader.loadClass(ClassLoader.java:418)
	at sun.misc.Launcher$AppClassLoader.loadClass(Launcher.java:355)
	at java.lang.ClassLoader.loadClass(ClassLoader.java:351)
	at org.reflections.ReflectionUtils.forName(ReflectionUtils.java:388)
	... 9 more
2021-12-07 23:27:10 WARN  Reflections:396 - could not get type for name org.eclipse.swt.widgets.Canvas from any class loader
org.reflections.ReflectionsException: could not get type for name org.eclipse.swt.widgets.Canvas
	at org.reflections.ReflectionUtils.forName(ReflectionUtils.java:390)
	at org.reflections.Reflections.expandSuperTypes(Reflections.java:381)
	at org.reflections.Reflections.<init>(Reflections.java:126)
	at com.thoughtworks.gauge.execution.parameters.parsers.base.ParameterParsingChain.createReflections(ParameterParsingChain.java:57)
	at com.thoughtworks.gauge.execution.parameters.parsers.base.ParameterParsingChain.<init>(ParameterParsingChain.java:43)
	at com.thoughtworks.gauge.connection.MessageDispatcher.initializeMessageProcessor(MessageDispatcher.java:109)
	at com.thoughtworks.gauge.connection.MessageDispatcher.<init>(MessageDispatcher.java:69)
	at com.thoughtworks.gauge.GaugeRuntime.dispatchMessages(GaugeRuntime.java:128)
	at com.thoughtworks.gauge.GaugeRuntime.lambda$connectSynchronously$2(GaugeRuntime.java:109)
	at java.lang.Thread.run(Thread.java:748)
Caused by: java.lang.ClassNotFoundException: org.eclipse.swt.widgets.Canvas
	at java.net.URLClassLoader.findClass(URLClassLoader.java:387)
	at java.lang.ClassLoader.loadClass(ClassLoader.java:418)
	at sun.misc.Launcher$AppClassLoader.loadClass(Launcher.java:355)
	at java.lang.ClassLoader.loadClass(ClassLoader.java:351)
	at org.reflections.ReflectionUtils.forName(ReflectionUtils.java:388)
	... 9 more
2021-12-07 23:27:10 WARN  Reflections:396 - could not get type for name org.junit.jupiter.api.extension.AfterEachCallback from any class loader
org.reflections.ReflectionsException: could not get type for name org.junit.jupiter.api.extension.AfterEachCallback
	at org.reflections.ReflectionUtils.forName(ReflectionUtils.java:390)
	at org.reflections.Reflections.expandSuperTypes(Reflections.java:381)
	at org.reflections.Reflections.<init>(Reflections.java:126)
	at com.thoughtworks.gauge.execution.parameters.parsers.base.ParameterParsingChain.createReflections(ParameterParsingChain.java:57)
	at com.thoughtworks.gauge.execution.parameters.parsers.base.ParameterParsingChain.<init>(ParameterParsingChain.java:43)
	at com.thoughtworks.gauge.connection.MessageDispatcher.initializeMessageProcessor(MessageDispatcher.java:109)
	at com.thoughtworks.gauge.connection.MessageDispatcher.<init>(MessageDispatcher.java:69)
	at com.thoughtworks.gauge.GaugeRuntime.dispatchMessages(GaugeRuntime.java:128)
	at com.thoughtworks.gauge.GaugeRuntime.lambda$connectSynchronously$2(GaugeRuntime.java:109)
	at java.lang.Thread.run(Thread.java:748)
Caused by: java.lang.ClassNotFoundException: org.junit.jupiter.api.extension.AfterEachCallback
	at java.net.URLClassLoader.findClass(URLClassLoader.java:387)
	at java.lang.ClassLoader.loadClass(ClassLoader.java:418)
	at sun.misc.Launcher$AppClassLoader.loadClass(Launcher.java:355)
	at java.lang.ClassLoader.loadClass(ClassLoader.java:351)
	at org.reflections.ReflectionUtils.forName(ReflectionUtils.java:388)
	... 9 more
2021-12-07 23:27:10 WARN  Reflections:396 - could not get type for name javax.validation.ParameterNameProvider from any class loader
org.reflections.ReflectionsException: could not get type for name javax.validation.ParameterNameProvider
	at org.reflections.ReflectionUtils.forName(ReflectionUtils.java:390)
	at org.reflections.Reflections.expandSuperTypes(Reflections.java:381)
	at org.reflections.Reflections.<init>(Reflections.java:126)
	at com.thoughtworks.gauge.execution.parameters.parsers.base.ParameterParsingChain.createReflections(ParameterParsingChain.java:57)
	at com.thoughtworks.gauge.execution.parameters.parsers.base.ParameterParsingChain.<init>(ParameterParsingChain.java:43)
	at com.thoughtworks.gauge.connection.MessageDispatcher.initializeMessageProcessor(MessageDispatcher.java:109)
	at com.thoughtworks.gauge.connection.MessageDispatcher.<init>(MessageDispatcher.java:69)
	at com.thoughtworks.gauge.GaugeRuntime.dispatchMessages(GaugeRuntime.java:128)
	at com.thoughtworks.gauge.GaugeRuntime.lambda$connectSynchronously$2(GaugeRuntime.java:109)
	at java.lang.Thread.run(Thread.java:748)
Caused by: java.lang.ClassNotFoundException: javax.validation.ParameterNameProvider
	at java.net.URLClassLoader.findClass(URLClassLoader.java:387)
	at java.lang.ClassLoader.loadClass(ClassLoader.java:418)
	at sun.misc.Launcher$AppClassLoader.loadClass(Launcher.java:355)
	at java.lang.ClassLoader.loadClass(ClassLoader.java:351)
	at org.reflections.ReflectionUtils.forName(ReflectionUtils.java:388)
	... 9 more
2021-12-07 23:27:10 WARN  Reflections:396 - could not get type for name groovy.lang.GroovyObject from any class loader
org.reflections.ReflectionsException: could not get type for name groovy.lang.GroovyObject
	at org.reflections.ReflectionUtils.forName(ReflectionUtils.java:390)
	at org.reflections.Reflections.expandSuperTypes(Reflections.java:381)
	at org.reflections.Reflections.<init>(Reflections.java:126)
	at com.thoughtworks.gauge.execution.parameters.parsers.base.ParameterParsingChain.createReflections(ParameterParsingChain.java:57)
	at com.thoughtworks.gauge.execution.parameters.parsers.base.ParameterParsingChain.<init>(ParameterParsingChain.java:43)
	at com.thoughtworks.gauge.connection.MessageDispatcher.initializeMessageProcessor(MessageDispatcher.java:109)
	at com.thoughtworks.gauge.connection.MessageDispatcher.<init>(MessageDispatcher.java:69)
	at com.thoughtworks.gauge.GaugeRuntime.dispatchMessages(GaugeRuntime.java:128)
	at com.thoughtworks.gauge.GaugeRuntime.lambda$connectSynchronously$2(GaugeRuntime.java:109)
	at java.lang.Thread.run(Thread.java:748)
Caused by: java.lang.ClassNotFoundException: groovy.lang.GroovyObject
	at java.net.URLClassLoader.findClass(URLClassLoader.java:387)
	at java.lang.ClassLoader.loadClass(ClassLoader.java:418)
	at sun.misc.Launcher$AppClassLoader.loadClass(Launcher.java:355)
	at java.lang.ClassLoader.loadClass(ClassLoader.java:351)
	at org.reflections.ReflectionUtils.forName(ReflectionUtils.java:388)
	... 9 more
2021-12-07 23:27:10 WARN  Reflections:396 - could not get type for name org.eclipse.jetty.npn.NextProtoNego$ClientProvider from any class loader
org.reflections.ReflectionsException: could not get type for name org.eclipse.jetty.npn.NextProtoNego$ClientProvider
	at org.reflections.ReflectionUtils.forName(ReflectionUtils.java:390)
	at org.reflections.Reflections.expandSuperTypes(Reflections.java:381)
	at org.reflections.Reflections.<init>(Reflections.java:126)
	at com.thoughtworks.gauge.execution.parameters.parsers.base.ParameterParsingChain.createReflections(ParameterParsingChain.java:57)
	at com.thoughtworks.gauge.execution.parameters.parsers.base.ParameterParsingChain.<init>(ParameterParsingChain.java:43)
	at com.thoughtworks.gauge.connection.MessageDispatcher.initializeMessageProcessor(MessageDispatcher.java:109)
	at com.thoughtworks.gauge.connection.MessageDispatcher.<init>(MessageDispatcher.java:69)
	at com.thoughtworks.gauge.GaugeRuntime.dispatchMessages(GaugeRuntime.java:128)
	at com.thoughtworks.gauge.GaugeRuntime.lambda$connectSynchronously$2(GaugeRuntime.java:109)
	at java.lang.Thread.run(Thread.java:748)
Caused by: java.lang.ClassNotFoundException: org.eclipse.jetty.npn.NextProtoNego$ClientProvider
	at java.net.URLClassLoader.findClass(URLClassLoader.java:387)
	at java.lang.ClassLoader.loadClass(ClassLoader.java:418)
	at sun.misc.Launcher$AppClassLoader.loadClass(Launcher.java:355)
	at java.lang.ClassLoader.loadClass(ClassLoader.java:351)
	at org.reflections.ReflectionUtils.forName(ReflectionUtils.java:388)
	... 9 more
2021-12-07 23:27:24 INFO  Logger:43 - Uygulama baaryla balatld.
2021-12-07 23:27:31 INFO  Logger:18 - Anasayfa grntlendi.
2021-12-07 23:27:52 INFO  Logger:32 - Mevcut sayfada aaya kaydrma ilemi yapld.
2021-12-07 23:27:55 INFO  Logger:41 - Rastgele bir rne tkland.
2021-12-07 23:28:02 INFO  Logger:11 - Koton Kadn Pantolon 2KAK42266UW rnnn detaylar grntlendi.
2021-12-07 23:28:05 INFO  Logger:58 - Favori butonuna tkland.
2021-12-07 23:28:11 INFO  Logger:21 - Giri Yap butonu grntlendi.
2021-12-07 23:28:14 INFO  Logger:12 - E - posta Adresi blmne bilgi gnderildi.
2021-12-07 23:28:18 INFO  Logger:12 - Parola blmne bilgi gnderildi.
2021-12-07 23:28:28 INFO  Logger:41 - Rastgele bir rne tkland.
2021-12-07 23:28:31 INFO  Logger:51 - Rastgele bir rn bedenine tkland.
2021-12-07 23:28:35 INFO  Logger:19 - Defacto Kadn Pantolon V4617AZ rn sepete eklendi.
